[0.007s] Invoking command in '/home/cuong/ros2_ws/build/my_robot_bringup': CMAKE_PREFIX_PATH=/home/cuong/ros2_ws/install/my_robot_description:/home/cuong/ros2_ws/install/my_robot_bringup:/opt/ros/humble /usr/bin/cmake /home/cuong/ros2_ws/src/my_robot_bringup -DAMENT_CMAKE_SYMLINK_INSTALL=1 -DCMAKE_INSTALL_PREFIX=/home/cuong/ros2_ws/install/my_robot_bringup
[0.018s] -- Found ament_cmake: 1.3.10 (/opt/ros/humble/share/ament_cmake/cmake)
[0.116s] -- Override CMake install command with custom implementation using symlinks instead of copying resources
[0.176s] -- Configuring done
[0.178s] -- Generating done
[0.179s] -- Build files have been written to: /home/cuong/ros2_ws/build/my_robot_bringup
[0.182s] Invoked command in '/home/cuong/ros2_ws/build/my_robot_bringup' returned '0': CMAKE_PREFIX_PATH=/home/cuong/ros2_ws/install/my_robot_description:/home/cuong/ros2_ws/install/my_robot_bringup:/opt/ros/humble /usr/bin/cmake /home/cuong/ros2_ws/src/my_robot_bringup -DAMENT_CMAKE_SYMLINK_INSTALL=1 -DCMAKE_INSTALL_PREFIX=/home/cuong/ros2_ws/install/my_robot_bringup
[0.184s] Invoking command in '/home/cuong/ros2_ws/build/my_robot_bringup': CMAKE_PREFIX_PATH=/home/cuong/ros2_ws/install/my_robot_description:/home/cuong/ros2_ws/install/my_robot_bringup:/opt/ros/humble /usr/bin/cmake --build /home/cuong/ros2_ws/build/my_robot_bringup -- -j16 -l16
[0.225s] Invoked command in '/home/cuong/ros2_ws/build/my_robot_bringup' returned '0': CMAKE_PREFIX_PATH=/home/cuong/ros2_ws/install/my_robot_description:/home/cuong/ros2_ws/install/my_robot_bringup:/opt/ros/humble /usr/bin/cmake --build /home/cuong/ros2_ws/build/my_robot_bringup -- -j16 -l16
[0.250s] Invoking command in '/home/cuong/ros2_ws/build/my_robot_bringup': CMAKE_PREFIX_PATH=/home/cuong/ros2_ws/install/my_robot_description:/home/cuong/ros2_ws/install/my_robot_bringup:/opt/ros/humble /usr/bin/cmake --install /home/cuong/ros2_ws/build/my_robot_bringup
[0.257s] -- Install configuration: ""
[0.257s] -- Execute custom install script
[0.258s] -- Up-to-date symlink: /home/cuong/ros2_ws/install/my_robot_bringup/share/my_robot_bringup//launch/ekf.launch.py
[0.258s] -- Up-to-date symlink: /home/cuong/ros2_ws/install/my_robot_bringup/share/my_robot_bringup//launch/my_robot_gazebo.launch.py
[0.258s] -- Up-to-date symlink: /home/cuong/ros2_ws/install/my_robot_bringup/share/my_robot_bringup//launch/my_robot_gazebo.launch.xml
[0.258s] -- Up-to-date symlink: /home/cuong/ros2_ws/install/my_robot_bringup/share/my_robot_bringup//rviz/urdf_config.rviz
[0.258s] -- Symlinking: /home/cuong/ros2_ws/install/my_robot_bringup/share/my_robot_bringup//config/ekf.yaml
[0.268s] -- Up-to-date symlink: /home/cuong/ros2_ws/install/my_robot_bringup/share/ament_index/resource_index/package_run_dependencies/my_robot_bringup
[0.268s] -- Up-to-date symlink: /home/cuong/ros2_ws/install/my_robot_bringup/share/ament_index/resource_index/parent_prefix_path/my_robot_bringup
[0.268s] -- Up-to-date symlink: /home/cuong/ros2_ws/install/my_robot_bringup/share/my_robot_bringup/environment/ament_prefix_path.sh
[0.268s] -- Up-to-date symlink: /home/cuong/ros2_ws/install/my_robot_bringup/share/my_robot_bringup/environment/ament_prefix_path.dsv
[0.268s] -- Up-to-date symlink: /home/cuong/ros2_ws/install/my_robot_bringup/share/my_robot_bringup/environment/path.sh
[0.268s] -- Up-to-date symlink: /home/cuong/ros2_ws/install/my_robot_bringup/share/my_robot_bringup/environment/path.dsv
[0.268s] -- Up-to-date symlink: /home/cuong/ros2_ws/install/my_robot_bringup/share/my_robot_bringup/local_setup.bash
[0.268s] -- Up-to-date symlink: /home/cuong/ros2_ws/install/my_robot_bringup/share/my_robot_bringup/local_setup.sh
[0.269s] -- Up-to-date symlink: /home/cuong/ros2_ws/install/my_robot_bringup/share/my_robot_bringup/local_setup.zsh
[0.269s] -- Up-to-date symlink: /home/cuong/ros2_ws/install/my_robot_bringup/share/my_robot_bringup/local_setup.dsv
[0.269s] -- Symlinking: /home/cuong/ros2_ws/install/my_robot_bringup/share/my_robot_bringup/package.dsv
[0.278s] -- Up-to-date symlink: /home/cuong/ros2_ws/install/my_robot_bringup/share/ament_index/resource_index/packages/my_robot_bringup
[0.278s] -- Up-to-date symlink: /home/cuong/ros2_ws/install/my_robot_bringup/share/my_robot_bringup/cmake/my_robot_bringupConfig.cmake
[0.279s] -- Up-to-date symlink: /home/cuong/ros2_ws/install/my_robot_bringup/share/my_robot_bringup/cmake/my_robot_bringupConfig-version.cmake
[0.279s] -- Up-to-date symlink: /home/cuong/ros2_ws/install/my_robot_bringup/share/my_robot_bringup/package.xml
[0.281s] Invoked command in '/home/cuong/ros2_ws/build/my_robot_bringup' returned '0': CMAKE_PREFIX_PATH=/home/cuong/ros2_ws/install/my_robot_description:/home/cuong/ros2_ws/install/my_robot_bringup:/opt/ros/humble /usr/bin/cmake --install /home/cuong/ros2_ws/build/my_robot_bringup
