[0.009s] Invoking command in '/home/cuong/ros2_ws/build/my_robot_bringup': CMAKE_PREFIX_PATH=/home/cuong/ros2_ws/install/my_robot_description:/home/cuong/ros2_ws/install/my_robot_bringup:/opt/ros/humble /usr/bin/cmake /home/cuong/ros2_ws/src/my_robot_bringup -DAMENT_CMAKE_SYMLINK_INSTALL=1 -DCMAKE_INSTALL_PREFIX=/home/cuong/ros2_ws/install/my_robot_bringup
[0.021s] -- Found ament_cmake: 1.3.10 (/opt/ros/humble/share/ament_cmake/cmake)
[0.121s] -- Override CMake install command with custom implementation using symlinks instead of copying resources
[0.185s] -- Configuring done
[0.187s] -- Generating done
[0.189s] -- Build files have been written to: /home/cuong/ros2_ws/build/my_robot_bringup
[0.193s] Invoked command in '/home/cuong/ros2_ws/build/my_robot_bringup' returned '0': CMAKE_PREFIX_PATH=/home/cuong/ros2_ws/install/my_robot_description:/home/cuong/ros2_ws/install/my_robot_bringup:/opt/ros/humble /usr/bin/cmake /home/cuong/ros2_ws/src/my_robot_bringup -DAMENT_CMAKE_SYMLINK_INSTALL=1 -DCMAKE_INSTALL_PREFIX=/home/cuong/ros2_ws/install/my_robot_bringup
[0.194s] Invoking command in '/home/cuong/ros2_ws/build/my_robot_bringup': CMAKE_PREFIX_PATH=/home/cuong/ros2_ws/install/my_robot_description:/home/cuong/ros2_ws/install/my_robot_bringup:/opt/ros/humble /usr/bin/cmake --build /home/cuong/ros2_ws/build/my_robot_bringup -- -j16 -l16
[0.238s] Invoked command in '/home/cuong/ros2_ws/build/my_robot_bringup' returned '0': CMAKE_PREFIX_PATH=/home/cuong/ros2_ws/install/my_robot_description:/home/cuong/ros2_ws/install/my_robot_bringup:/opt/ros/humble /usr/bin/cmake --build /home/cuong/ros2_ws/build/my_robot_bringup -- -j16 -l16
[0.266s] Invoking command in '/home/cuong/ros2_ws/build/my_robot_bringup': CMAKE_PREFIX_PATH=/home/cuong/ros2_ws/install/my_robot_description:/home/cuong/ros2_ws/install/my_robot_bringup:/opt/ros/humble /usr/bin/cmake --install /home/cuong/ros2_ws/build/my_robot_bringup
[0.274s] -- Install configuration: ""
[0.274s] -- Execute custom install script
[0.275s] -- Up-to-date symlink: /home/cuong/ros2_ws/install/my_robot_bringup/share/my_robot_bringup//launch/ekf.launch.py
[0.275s] -- Up-to-date symlink: /home/cuong/ros2_ws/install/my_robot_bringup/share/my_robot_bringup//launch/my_robot_gazebo.launch.py
[0.275s] -- Up-to-date symlink: /home/cuong/ros2_ws/install/my_robot_bringup/share/my_robot_bringup//launch/my_robot_gazebo.launch.xml
[0.275s] -- Up-to-date symlink: /home/cuong/ros2_ws/install/my_robot_bringup/share/my_robot_bringup//rviz/urdf_config.rviz
[0.275s] -- Up-to-date symlink: /home/cuong/ros2_ws/install/my_robot_bringup/share/my_robot_bringup//config/ekf.yaml
[0.275s] -- Symlinking: /home/cuong/ros2_ws/install/my_robot_bringup/share/my_robot_bringup//worlds/test_world_1.world
[0.286s] -- Up-to-date symlink: /home/cuong/ros2_ws/install/my_robot_bringup/share/ament_index/resource_index/package_run_dependencies/my_robot_bringup
[0.286s] -- Up-to-date symlink: /home/cuong/ros2_ws/install/my_robot_bringup/share/ament_index/resource_index/parent_prefix_path/my_robot_bringup
[0.286s] -- Up-to-date symlink: /home/cuong/ros2_ws/install/my_robot_bringup/share/my_robot_bringup/environment/ament_prefix_path.sh
[0.286s] -- Up-to-date symlink: /home/cuong/ros2_ws/install/my_robot_bringup/share/my_robot_bringup/environment/ament_prefix_path.dsv
[0.286s] -- Up-to-date symlink: /home/cuong/ros2_ws/install/my_robot_bringup/share/my_robot_bringup/environment/path.sh
[0.286s] -- Up-to-date symlink: /home/cuong/ros2_ws/install/my_robot_bringup/share/my_robot_bringup/environment/path.dsv
[0.286s] -- Up-to-date symlink: /home/cuong/ros2_ws/install/my_robot_bringup/share/my_robot_bringup/local_setup.bash
[0.286s] -- Up-to-date symlink: /home/cuong/ros2_ws/install/my_robot_bringup/share/my_robot_bringup/local_setup.sh
[0.286s] -- Up-to-date symlink: /home/cuong/ros2_ws/install/my_robot_bringup/share/my_robot_bringup/local_setup.zsh
[0.286s] -- Up-to-date symlink: /home/cuong/ros2_ws/install/my_robot_bringup/share/my_robot_bringup/local_setup.dsv
[0.286s] -- Symlinking: /home/cuong/ros2_ws/install/my_robot_bringup/share/my_robot_bringup/package.dsv
[0.296s] -- Up-to-date symlink: /home/cuong/ros2_ws/install/my_robot_bringup/share/ament_index/resource_index/packages/my_robot_bringup
[0.297s] -- Up-to-date symlink: /home/cuong/ros2_ws/install/my_robot_bringup/share/my_robot_bringup/cmake/my_robot_bringupConfig.cmake
[0.297s] -- Up-to-date symlink: /home/cuong/ros2_ws/install/my_robot_bringup/share/my_robot_bringup/cmake/my_robot_bringupConfig-version.cmake
[0.297s] -- Up-to-date symlink: /home/cuong/ros2_ws/install/my_robot_bringup/share/my_robot_bringup/package.xml
[0.300s] Invoked command in '/home/cuong/ros2_ws/build/my_robot_bringup' returned '0': CMAKE_PREFIX_PATH=/home/cuong/ros2_ws/install/my_robot_description:/home/cuong/ros2_ws/install/my_robot_bringup:/opt/ros/humble /usr/bin/cmake --install /home/cuong/ros2_ws/build/my_robot_bringup
