[0.011s] Invoking command in '/home/cuong/ros2_ws/build/my_robot_description': CMAKE_PREFIX_PATH=/opt/ros/humble /usr/bin/cmake --build /home/cuong/ros2_ws/build/my_robot_description -- -j16 -l16
[0.078s] Invoked command in '/home/cuong/ros2_ws/build/my_robot_description' returned '0': CMAKE_PREFIX_PATH=/opt/ros/humble /usr/bin/cmake --build /home/cuong/ros2_ws/build/my_robot_description -- -j16 -l16
[0.111s] Invoking command in '/home/cuong/ros2_ws/build/my_robot_description': CMAKE_PREFIX_PATH=/opt/ros/humble /usr/bin/cmake --install /home/cuong/ros2_ws/build/my_robot_description
[0.119s] -- Install configuration: ""
[0.119s] -- Execute custom install script
[0.120s] -- Up-to-date symlink: /home/cuong/ros2_ws/install/my_robot_description/share/my_robot_description//urdf/common_properties.xacro
[0.120s] -- Symlinking: /home/cuong/ros2_ws/install/my_robot_description/share/my_robot_description//urdf/gazebo_imu_plugin.xacro
[0.130s] -- Up-to-date symlink: /home/cuong/ros2_ws/install/my_robot_description/share/my_robot_description//urdf/gazebo_plugin.xacro
[0.130s] -- Up-to-date symlink: /home/cuong/ros2_ws/install/my_robot_description/share/my_robot_description//urdf/gazebo_properties.xacro
[0.130s] -- Up-to-date symlink: /home/cuong/ros2_ws/install/my_robot_description/share/my_robot_description//urdf/mobile_base.xacro
[0.131s] -- Up-to-date symlink: /home/cuong/ros2_ws/install/my_robot_description/share/my_robot_description//urdf/my_robot.urdf.xacro
[0.131s] -- Up-to-date symlink: /home/cuong/ros2_ws/install/my_robot_description/share/my_robot_description//launch/display.launch.py
[0.132s] -- Up-to-date symlink: /home/cuong/ros2_ws/install/my_robot_description/share/my_robot_description//launch/display.launch.xml
[0.132s] -- Up-to-date symlink: /home/cuong/ros2_ws/install/my_robot_description/share/my_robot_description//rviz/urdf_config.rviz
[0.133s] -- Up-to-date symlink: /home/cuong/ros2_ws/install/my_robot_description/share/ament_index/resource_index/package_run_dependencies/my_robot_description
[0.133s] -- Up-to-date symlink: /home/cuong/ros2_ws/install/my_robot_description/share/ament_index/resource_index/parent_prefix_path/my_robot_description
[0.134s] -- Up-to-date symlink: /home/cuong/ros2_ws/install/my_robot_description/share/my_robot_description/environment/ament_prefix_path.sh
[0.134s] -- Up-to-date symlink: /home/cuong/ros2_ws/install/my_robot_description/share/my_robot_description/environment/ament_prefix_path.dsv
[0.134s] -- Up-to-date symlink: /home/cuong/ros2_ws/install/my_robot_description/share/my_robot_description/environment/path.sh
[0.134s] -- Up-to-date symlink: /home/cuong/ros2_ws/install/my_robot_description/share/my_robot_description/environment/path.dsv
[0.134s] -- Up-to-date symlink: /home/cuong/ros2_ws/install/my_robot_description/share/my_robot_description/local_setup.bash
[0.135s] -- Up-to-date symlink: /home/cuong/ros2_ws/install/my_robot_description/share/my_robot_description/local_setup.sh
[0.135s] -- Up-to-date symlink: /home/cuong/ros2_ws/install/my_robot_description/share/my_robot_description/local_setup.zsh
[0.135s] -- Up-to-date symlink: /home/cuong/ros2_ws/install/my_robot_description/share/my_robot_description/local_setup.dsv
[0.135s] -- Symlinking: /home/cuong/ros2_ws/install/my_robot_description/share/my_robot_description/package.dsv
[0.145s] -- Up-to-date symlink: /home/cuong/ros2_ws/install/my_robot_description/share/ament_index/resource_index/packages/my_robot_description
[0.145s] -- Up-to-date symlink: /home/cuong/ros2_ws/install/my_robot_description/share/my_robot_description/cmake/my_robot_descriptionConfig.cmake
[0.146s] -- Up-to-date symlink: /home/cuong/ros2_ws/install/my_robot_description/share/my_robot_description/cmake/my_robot_descriptionConfig-version.cmake
[0.146s] -- Up-to-date symlink: /home/cuong/ros2_ws/install/my_robot_description/share/my_robot_description/package.xml
[0.148s] Invoked command in '/home/cuong/ros2_ws/build/my_robot_description' returned '0': CMAKE_PREFIX_PATH=/opt/ros/humble /usr/bin/cmake --install /home/cuong/ros2_ws/build/my_robot_description
