[0.008s] Invoking command in '/home/cuong/ros2_ws/build/my_robot_bringup': AMENT_PREFIX_PATH=/home/cuong/ros2_ws/install/my_robot_description:${AMENT_PREFIX_PATH} CMAKE_PREFIX_PATH=/home/cuong/ros2_ws/install/my_robot_description:/opt/ros/humble /usr/bin/cmake --build /home/cuong/ros2_ws/build/my_robot_bringup -- -j16 -l16
[0.040s] -- Found ament_cmake: 1.3.10 (/opt/ros/humble/share/ament_cmake/cmake)
[0.166s] -- Override CMake install command with custom implementation using symlinks instead of copying resources
[0.187s] -- Found robot_state_publisher: 3.0.3 (/opt/ros/humble/share/robot_state_publisher/cmake)
[0.237s] -- Found rosidl_generator_c: 3.1.5 (/opt/ros/humble/share/rosidl_generator_c/cmake)
[0.245s] -- Found rosidl_adapter: 3.1.5 (/opt/ros/humble/share/rosidl_adapter/cmake)
[0.258s] -- Found rosidl_generator_cpp: 3.1.5 (/opt/ros/humble/share/rosidl_generator_cpp/cmake)
[0.278s] -- Using all available rosidl_typesupport_c: rosidl_typesupport_fastrtps_c;rosidl_typesupport_introspection_c
[0.300s] -- Using all available rosidl_typesupport_cpp: rosidl_typesupport_fastrtps_cpp;rosidl_typesupport_introspection_cpp
[0.373s] -- Found eigen3_cmake_module: 0.1.1 (/opt/ros/humble/share/eigen3_cmake_module/cmake)
[0.375s] -- Found Eigen3: TRUE (found version "3.4.0") 
[0.376s] -- Ensuring Eigen3 include directory is part of orocos-kdl CMake target
[0.438s] -- Found rmw_implementation_cmake: 6.1.2 (/opt/ros/humble/share/rmw_implementation_cmake/cmake)
[0.442s] -- Found rmw_fastrtps_cpp: 6.2.7 (/opt/ros/humble/share/rmw_fastrtps_cpp/cmake)
[0.562s] -- Found OpenSSL: /usr/lib/x86_64-linux-gnu/libcrypto.so (found version "3.0.2")  
[0.591s] -- Found FastRTPS: /opt/ros/humble/include  
[0.636s] -- Using RMW implementation 'rmw_fastrtps_cpp' as default
[0.648s] -- Looking for pthread.h
[0.755s] -- Looking for pthread.h - found
[0.755s] -- Performing Test CMAKE_HAVE_LIBC_PTHREAD
[0.848s] -- Performing Test CMAKE_HAVE_LIBC_PTHREAD - Success
[0.850s] -- Found Threads: TRUE  
[1.136s] -- Configuring done
[1.143s] -- Generating done
[1.145s] -- Build files have been written to: /home/cuong/ros2_ws/build/my_robot_bringup
[1.176s] Invoked command in '/home/cuong/ros2_ws/build/my_robot_bringup' returned '0': AMENT_PREFIX_PATH=/home/cuong/ros2_ws/install/my_robot_description:${AMENT_PREFIX_PATH} CMAKE_PREFIX_PATH=/home/cuong/ros2_ws/install/my_robot_description:/opt/ros/humble /usr/bin/cmake --build /home/cuong/ros2_ws/build/my_robot_bringup -- -j16 -l16
[1.202s] Invoking command in '/home/cuong/ros2_ws/build/my_robot_bringup': AMENT_PREFIX_PATH=/home/cuong/ros2_ws/install/my_robot_description:${AMENT_PREFIX_PATH} CMAKE_PREFIX_PATH=/home/cuong/ros2_ws/install/my_robot_description:/opt/ros/humble /usr/bin/cmake --install /home/cuong/ros2_ws/build/my_robot_bringup
[1.210s] -- Install configuration: ""
[1.211s] -- Execute custom install script
[1.212s] -- Up-to-date symlink: /home/cuong/ros2_ws/install/my_robot_bringup/share/my_robot_bringup//launch/ekf.launch.py
[1.212s] -- Up-to-date symlink: /home/cuong/ros2_ws/install/my_robot_bringup/share/my_robot_bringup//launch/my_robot_gazebo.launch.py
[1.212s] -- Up-to-date symlink: /home/cuong/ros2_ws/install/my_robot_bringup/share/my_robot_bringup//launch/my_robot_gazebo.launch.xml
[1.213s] -- Up-to-date symlink: /home/cuong/ros2_ws/install/my_robot_bringup/share/my_robot_bringup//rviz/urdf_config.rviz
[1.213s] -- Up-to-date symlink: /home/cuong/ros2_ws/install/my_robot_bringup/share/my_robot_bringup//config/ekf.yaml
[1.213s] -- Up-to-date symlink: /home/cuong/ros2_ws/install/my_robot_bringup/share/my_robot_bringup//config/mapper_params_online_async.yaml
[1.214s] -- Up-to-date symlink: /home/cuong/ros2_ws/install/my_robot_bringup/share/my_robot_bringup//worlds/test_world_1.world
[1.214s] -- Up-to-date symlink: /home/cuong/ros2_ws/install/my_robot_bringup/share/my_robot_bringup//worlds/test_world_2.world
[1.214s] -- Up-to-date symlink: /home/cuong/ros2_ws/install/my_robot_bringup/share/ament_index/resource_index/package_run_dependencies/my_robot_bringup
[1.215s] -- Up-to-date symlink: /home/cuong/ros2_ws/install/my_robot_bringup/share/ament_index/resource_index/parent_prefix_path/my_robot_bringup
[1.215s] -- Up-to-date symlink: /home/cuong/ros2_ws/install/my_robot_bringup/share/my_robot_bringup/environment/ament_prefix_path.sh
[1.216s] -- Up-to-date symlink: /home/cuong/ros2_ws/install/my_robot_bringup/share/my_robot_bringup/environment/ament_prefix_path.dsv
[1.216s] -- Up-to-date symlink: /home/cuong/ros2_ws/install/my_robot_bringup/share/my_robot_bringup/environment/path.sh
[1.216s] -- Up-to-date symlink: /home/cuong/ros2_ws/install/my_robot_bringup/share/my_robot_bringup/environment/path.dsv
[1.216s] -- Up-to-date symlink: /home/cuong/ros2_ws/install/my_robot_bringup/share/my_robot_bringup/local_setup.bash
[1.217s] -- Up-to-date symlink: /home/cuong/ros2_ws/install/my_robot_bringup/share/my_robot_bringup/local_setup.sh
[1.217s] -- Up-to-date symlink: /home/cuong/ros2_ws/install/my_robot_bringup/share/my_robot_bringup/local_setup.zsh
[1.217s] -- Up-to-date symlink: /home/cuong/ros2_ws/install/my_robot_bringup/share/my_robot_bringup/local_setup.dsv
[1.217s] -- Symlinking: /home/cuong/ros2_ws/install/my_robot_bringup/share/my_robot_bringup/package.dsv
[1.228s] -- Up-to-date symlink: /home/cuong/ros2_ws/install/my_robot_bringup/share/ament_index/resource_index/packages/my_robot_bringup
[1.228s] -- Up-to-date symlink: /home/cuong/ros2_ws/install/my_robot_bringup/share/my_robot_bringup/cmake/my_robot_bringupConfig.cmake
[1.228s] -- Up-to-date symlink: /home/cuong/ros2_ws/install/my_robot_bringup/share/my_robot_bringup/cmake/my_robot_bringupConfig-version.cmake
[1.229s] -- Up-to-date symlink: /home/cuong/ros2_ws/install/my_robot_bringup/share/my_robot_bringup/package.xml
[1.232s] Invoked command in '/home/cuong/ros2_ws/build/my_robot_bringup' returned '0': AMENT_PREFIX_PATH=/home/cuong/ros2_ws/install/my_robot_description:${AMENT_PREFIX_PATH} CMAKE_PREFIX_PATH=/home/cuong/ros2_ws/install/my_robot_description:/opt/ros/humble /usr/bin/cmake --install /home/cuong/ros2_ws/build/my_robot_bringup
