[0.008s] Invoking command in '/home/cuong/ros2_ws/build/my_robot_bringup': CMAKE_PREFIX_PATH=/home/cuong/ros2_ws/install/my_robot_description:/home/cuong/ros2_ws/install/my_robot_bringup:/opt/ros/humble /usr/bin/cmake /home/cuong/ros2_ws/src/my_robot_bringup -DCMAKE_INSTALL_PREFIX=/home/cuong/ros2_ws/install/my_robot_bringup
[0.019s] -- Found ament_cmake: 1.3.10 (/opt/ros/humble/share/ament_cmake/cmake)
[0.116s] -- Override CMake install command with custom implementation using symlinks instead of copying resources
[0.121s] -- Found rclcpp: 16.0.10 (/opt/ros/humble/share/rclcpp/cmake)
[0.144s] -- Found rosidl_generator_c: 3.1.5 (/opt/ros/humble/share/rosidl_generator_c/cmake)
[0.146s] -- Found rosidl_adapter: 3.1.5 (/opt/ros/humble/share/rosidl_adapter/cmake)
[0.151s] -- Found rosidl_generator_cpp: 3.1.5 (/opt/ros/humble/share/rosidl_generator_cpp/cmake)
[0.158s] -- Using all available rosidl_typesupport_c: rosidl_typesupport_fastrtps_c;rosidl_typesupport_introspection_c
[0.168s] -- Using all available rosidl_typesupport_cpp: rosidl_typesupport_fastrtps_cpp;rosidl_typesupport_introspection_cpp
[0.194s] -- Found rmw_implementation_cmake: 6.1.2 (/opt/ros/humble/share/rmw_implementation_cmake/cmake)
[0.195s] -- Found rmw_fastrtps_cpp: 6.2.7 (/opt/ros/humble/share/rmw_fastrtps_cpp/cmake)
[0.291s] -- Using RMW implementation 'rmw_fastrtps_cpp' as default
[0.339s] [31mCMake Error at CMakeLists.txt:11 (find_package):
[0.340s]   By not providing "Findlaunch.cmake" in CMAKE_MODULE_PATH this project has
[0.340s]   asked CMake to find a package configuration file provided by "launch", but
[0.340s]   CMake did not find one.
[0.340s] 
[0.340s]   Could not find a package configuration file provided by "launch" with any
[0.340s]   of the following names:
[0.340s] 
[0.340s]     launchConfig.cmake
[0.340s]     launch-config.cmake
[0.340s] 
[0.340s]   Add the installation prefix of "launch" to CMAKE_PREFIX_PATH or set
[0.341s]   "launch_DIR" to a directory containing one of the above files.  If "launch"
[0.341s]   provides a separate development package or SDK, be sure it has been
[0.341s]   installed.
[0.341s] 
[0.341s] [0m
[0.341s] -- Configuring incomplete, errors occurred!
[0.341s] See also "/home/cuong/ros2_ws/build/my_robot_bringup/CMakeFiles/CMakeOutput.log".
[0.346s] Invoked command in '/home/cuong/ros2_ws/build/my_robot_bringup' returned '1': CMAKE_PREFIX_PATH=/home/cuong/ros2_ws/install/my_robot_description:/home/cuong/ros2_ws/install/my_robot_bringup:/opt/ros/humble /usr/bin/cmake /home/cuong/ros2_ws/src/my_robot_bringup -DCMAKE_INSTALL_PREFIX=/home/cuong/ros2_ws/install/my_robot_bringup
