[0.009s] Invoking command in '/home/cuong/ros2_ws/build/my_robot_bringup': AMENT_PREFIX_PATH=/home/cuong/ros2_ws/install/my_robot_description:${AMENT_PREFIX_PATH} CMAKE_PREFIX_PATH=/home/cuong/ros2_ws/install/my_robot_description:/opt/ros/humble /usr/bin/cmake --build /home/cuong/ros2_ws/build/my_robot_bringup -- -j16 -l16
[0.048s] Invoked command in '/home/cuong/ros2_ws/build/my_robot_bringup' returned '0': AMENT_PREFIX_PATH=/home/cuong/ros2_ws/install/my_robot_description:${AMENT_PREFIX_PATH} CMAKE_PREFIX_PATH=/home/cuong/ros2_ws/install/my_robot_description:/opt/ros/humble /usr/bin/cmake --build /home/cuong/ros2_ws/build/my_robot_bringup -- -j16 -l16
[0.073s] Invoking command in '/home/cuong/ros2_ws/build/my_robot_bringup': AMENT_PREFIX_PATH=/home/cuong/ros2_ws/install/my_robot_description:${AMENT_PREFIX_PATH} CMAKE_PREFIX_PATH=/home/cuong/ros2_ws/install/my_robot_description:/opt/ros/humble /usr/bin/cmake --install /home/cuong/ros2_ws/build/my_robot_bringup
[0.081s] -- Install configuration: ""
[0.081s] -- Execute custom install script
[0.081s] -- Up-to-date symlink: /home/cuong/ros2_ws/install/my_robot_bringup/share/my_robot_bringup//launch/ekf.launch.py
[0.081s] -- Up-to-date symlink: /home/cuong/ros2_ws/install/my_robot_bringup/share/my_robot_bringup//launch/my_robot_gazebo.launch.py
[0.081s] -- Up-to-date symlink: /home/cuong/ros2_ws/install/my_robot_bringup/share/my_robot_bringup//launch/my_robot_gazebo.launch.xml
[0.082s] -- Up-to-date symlink: /home/cuong/ros2_ws/install/my_robot_bringup/share/my_robot_bringup//rviz/urdf_config.rviz
[0.082s] -- Up-to-date symlink: /home/cuong/ros2_ws/install/my_robot_bringup/share/my_robot_bringup//config/ekf.yaml
[0.082s] -- Up-to-date symlink: /home/cuong/ros2_ws/install/my_robot_bringup/share/my_robot_bringup//config/global_costmap.yaml
[0.082s] -- Up-to-date symlink: /home/cuong/ros2_ws/install/my_robot_bringup/share/my_robot_bringup//config/local_costmap.yaml
[0.082s] -- Up-to-date symlink: /home/cuong/ros2_ws/install/my_robot_bringup/share/my_robot_bringup//config/mapper_params_online_async.yaml
[0.082s] -- Up-to-date symlink: /home/cuong/ros2_ws/install/my_robot_bringup/share/my_robot_bringup//worlds/test_world_1.world
[0.082s] -- Up-to-date symlink: /home/cuong/ros2_ws/install/my_robot_bringup/share/ament_index/resource_index/package_run_dependencies/my_robot_bringup
[0.082s] -- Up-to-date symlink: /home/cuong/ros2_ws/install/my_robot_bringup/share/ament_index/resource_index/parent_prefix_path/my_robot_bringup
[0.083s] -- Up-to-date symlink: /home/cuong/ros2_ws/install/my_robot_bringup/share/my_robot_bringup/environment/ament_prefix_path.sh
[0.083s] -- Up-to-date symlink: /home/cuong/ros2_ws/install/my_robot_bringup/share/my_robot_bringup/environment/ament_prefix_path.dsv
[0.083s] -- Up-to-date symlink: /home/cuong/ros2_ws/install/my_robot_bringup/share/my_robot_bringup/environment/path.sh
[0.083s] -- Up-to-date symlink: /home/cuong/ros2_ws/install/my_robot_bringup/share/my_robot_bringup/environment/path.dsv
[0.083s] -- Up-to-date symlink: /home/cuong/ros2_ws/install/my_robot_bringup/share/my_robot_bringup/local_setup.bash
[0.083s] -- Up-to-date symlink: /home/cuong/ros2_ws/install/my_robot_bringup/share/my_robot_bringup/local_setup.sh
[0.083s] -- Up-to-date symlink: /home/cuong/ros2_ws/install/my_robot_bringup/share/my_robot_bringup/local_setup.zsh
[0.083s] -- Up-to-date symlink: /home/cuong/ros2_ws/install/my_robot_bringup/share/my_robot_bringup/local_setup.dsv
[0.084s] -- Symlinking: /home/cuong/ros2_ws/install/my_robot_bringup/share/my_robot_bringup/package.dsv
[0.095s] -- Up-to-date symlink: /home/cuong/ros2_ws/install/my_robot_bringup/share/ament_index/resource_index/packages/my_robot_bringup
[0.095s] -- Up-to-date symlink: /home/cuong/ros2_ws/install/my_robot_bringup/share/my_robot_bringup/cmake/my_robot_bringupConfig.cmake
[0.095s] -- Up-to-date symlink: /home/cuong/ros2_ws/install/my_robot_bringup/share/my_robot_bringup/cmake/my_robot_bringupConfig-version.cmake
[0.096s] -- Up-to-date symlink: /home/cuong/ros2_ws/install/my_robot_bringup/share/my_robot_bringup/package.xml
[0.099s] Invoked command in '/home/cuong/ros2_ws/build/my_robot_bringup' returned '0': AMENT_PREFIX_PATH=/home/cuong/ros2_ws/install/my_robot_description:${AMENT_PREFIX_PATH} CMAKE_PREFIX_PATH=/home/cuong/ros2_ws/install/my_robot_description:/opt/ros/humble /usr/bin/cmake --install /home/cuong/ros2_ws/build/my_robot_bringup
