[0.011s] Invoking command in '/home/cuong/ros2_ws/build/my_robot_description': CMAKE_PREFIX_PATH=/opt/ros/humble /usr/bin/cmake /home/cuong/ros2_ws/src/my_robot_description -DCMAKE_INSTALL_PREFIX=/home/cuong/ros2_ws/install/my_robot_description
[0.113s] -- The C compiler identification is GNU 11.4.0
[0.193s] -- The CXX compiler identification is GNU 11.4.0
[0.204s] -- Detecting C compiler ABI info
[0.278s] -- Detecting C compiler ABI info - done
[0.284s] -- Check for working C compiler: /usr/bin/cc - skipped
[0.284s] -- Detecting C compile features
[0.285s] -- Detecting C compile features - done
[0.288s] -- Detecting CXX compiler ABI info
[0.370s] -- Detecting CXX compiler ABI info - done
[0.376s] -- Check for working CXX compiler: /usr/bin/c++ - skipped
[0.376s] -- Detecting CXX compile features
[0.377s] -- Detecting CXX compile features - done
[0.380s] -- Found ament_cmake: 1.3.10 (/opt/ros/humble/share/ament_cmake/cmake)
[0.512s] -- Found Python3: /usr/bin/python3 (found version "3.10.12") found components: Interpreter 
[0.657s] -- Configuring done
[0.660s] -- Generating done
[0.660s] -- Build files have been written to: /home/cuong/ros2_ws/build/my_robot_description
[0.665s] Invoked command in '/home/cuong/ros2_ws/build/my_robot_description' returned '0': CMAKE_PREFIX_PATH=/opt/ros/humble /usr/bin/cmake /home/cuong/ros2_ws/src/my_robot_description -DCMAKE_INSTALL_PREFIX=/home/cuong/ros2_ws/install/my_robot_description
[0.667s] Invoking command in '/home/cuong/ros2_ws/build/my_robot_description': CMAKE_PREFIX_PATH=/opt/ros/humble /usr/bin/cmake --build /home/cuong/ros2_ws/build/my_robot_description -- -j16 -l16
[0.707s] Invoked command in '/home/cuong/ros2_ws/build/my_robot_description' returned '0': CMAKE_PREFIX_PATH=/opt/ros/humble /usr/bin/cmake --build /home/cuong/ros2_ws/build/my_robot_description -- -j16 -l16
[0.743s] Invoking command in '/home/cuong/ros2_ws/build/my_robot_description': CMAKE_PREFIX_PATH=/opt/ros/humble /usr/bin/cmake --install /home/cuong/ros2_ws/build/my_robot_description
[0.750s] -- Install configuration: ""
[0.750s] -- Installing: /home/cuong/ros2_ws/install/my_robot_description/share/my_robot_description//urdf
[0.750s] -- Installing: /home/cuong/ros2_ws/install/my_robot_description/share/my_robot_description//urdf/my_robot.urdf.xacro
[0.751s] -- Installing: /home/cuong/ros2_ws/install/my_robot_description/share/my_robot_description//urdf/common_properties.xacro
[0.751s] -- Installing: /home/cuong/ros2_ws/install/my_robot_description/share/my_robot_description//urdf/mobile_base.xacro
[0.751s] -- Installing: /home/cuong/ros2_ws/install/my_robot_description/share/my_robot_description//launch
[0.751s] -- Installing: /home/cuong/ros2_ws/install/my_robot_description/share/my_robot_description//launch/display.launch.py
[0.751s] -- Installing: /home/cuong/ros2_ws/install/my_robot_description/share/my_robot_description//launch/display.launch.xml
[0.751s] -- Installing: /home/cuong/ros2_ws/install/my_robot_description/share/my_robot_description//rviz
[0.751s] -- Installing: /home/cuong/ros2_ws/install/my_robot_description/share/my_robot_description//rviz/urdf_config.rviz
[0.751s] -- Installing: /home/cuong/ros2_ws/install/my_robot_description/share/ament_index/resource_index/package_run_dependencies/my_robot_description
[0.751s] -- Installing: /home/cuong/ros2_ws/install/my_robot_description/share/ament_index/resource_index/parent_prefix_path/my_robot_description
[0.752s] -- Installing: /home/cuong/ros2_ws/install/my_robot_description/share/my_robot_description/environment/ament_prefix_path.sh
[0.752s] -- Installing: /home/cuong/ros2_ws/install/my_robot_description/share/my_robot_description/environment/ament_prefix_path.dsv
[0.752s] -- Installing: /home/cuong/ros2_ws/install/my_robot_description/share/my_robot_description/environment/path.sh
[0.752s] -- Installing: /home/cuong/ros2_ws/install/my_robot_description/share/my_robot_description/environment/path.dsv
[0.752s] -- Installing: /home/cuong/ros2_ws/install/my_robot_description/share/my_robot_description/local_setup.bash
[0.752s] -- Installing: /home/cuong/ros2_ws/install/my_robot_description/share/my_robot_description/local_setup.sh
[0.752s] -- Installing: /home/cuong/ros2_ws/install/my_robot_description/share/my_robot_description/local_setup.zsh
[0.752s] -- Installing: /home/cuong/ros2_ws/install/my_robot_description/share/my_robot_description/local_setup.dsv
[0.753s] -- Installing: /home/cuong/ros2_ws/install/my_robot_description/share/my_robot_description/package.dsv
[0.753s] -- Installing: /home/cuong/ros2_ws/install/my_robot_description/share/ament_index/resource_index/packages/my_robot_description
[0.753s] -- Installing: /home/cuong/ros2_ws/install/my_robot_description/share/my_robot_description/cmake/my_robot_descriptionConfig.cmake
[0.753s] -- Installing: /home/cuong/ros2_ws/install/my_robot_description/share/my_robot_description/cmake/my_robot_descriptionConfig-version.cmake
[0.753s] -- Installing: /home/cuong/ros2_ws/install/my_robot_description/share/my_robot_description/package.xml
[0.756s] Invoked command in '/home/cuong/ros2_ws/build/my_robot_description' returned '0': CMAKE_PREFIX_PATH=/opt/ros/humble /usr/bin/cmake --install /home/cuong/ros2_ws/build/my_robot_description
