[0.011s] Invoking command in '/home/cuong/ros2_ws/build/my_robot_bringup': /usr/bin/cmake /home/cuong/ros2_ws/src/my_robot_bringup -DCMAKE_INSTALL_PREFIX=/home/cuong/ros2_ws/install/my_robot_bringup
[0.022s] -- Found ament_cmake: 1.3.10 (/opt/ros/humble/share/ament_cmake/cmake)
[0.122s] -- Override CMake install command with custom implementation using symlinks instead of copying resources
[0.128s] -- Found rclcpp: 16.0.10 (/opt/ros/humble/share/rclcpp/cmake)
[0.151s] -- Found rosidl_generator_c: 3.1.5 (/opt/ros/humble/share/rosidl_generator_c/cmake)
[0.153s] -- Found rosidl_adapter: 3.1.5 (/opt/ros/humble/share/rosidl_adapter/cmake)
[0.158s] -- Found rosidl_generator_cpp: 3.1.5 (/opt/ros/humble/share/rosidl_generator_cpp/cmake)
[0.166s] -- Using all available rosidl_typesupport_c: rosidl_typesupport_fastrtps_c;rosidl_typesupport_introspection_c
[0.176s] -- Using all available rosidl_typesupport_cpp: rosidl_typesupport_fastrtps_cpp;rosidl_typesupport_introspection_cpp
[0.202s] -- Found rmw_implementation_cmake: 6.1.2 (/opt/ros/humble/share/rmw_implementation_cmake/cmake)
[0.203s] -- Found rmw_fastrtps_cpp: 6.2.7 (/opt/ros/humble/share/rmw_fastrtps_cpp/cmake)
[0.300s] -- Using RMW implementation 'rmw_fastrtps_cpp' as default
[0.349s] [31mCMake Error at CMakeLists.txt:11 (find_package):
[0.349s]   By not providing "Findlaunch.cmake" in CMAKE_MODULE_PATH this project has
[0.349s]   asked CMake to find a package configuration file provided by "launch", but
[0.349s]   CMake did not find one.
[0.349s] 
[0.349s]   Could not find a package configuration file provided by "launch" with any
[0.349s]   of the following names:
[0.349s] 
[0.349s]     launchConfig.cmake
[0.349s]     launch-config.cmake
[0.350s] 
[0.350s]   Add the installation prefix of "launch" to CMAKE_PREFIX_PATH or set
[0.350s]   "launch_DIR" to a directory containing one of the above files.  If "launch"
[0.350s]   provides a separate development package or SDK, be sure it has been
[0.350s]   installed.
[0.350s] 
[0.350s] [0m
[0.350s] -- Configuring incomplete, errors occurred!
[0.350s] See also "/home/cuong/ros2_ws/build/my_robot_bringup/CMakeFiles/CMakeOutput.log".
[0.355s] Invoked command in '/home/cuong/ros2_ws/build/my_robot_bringup' returned '1': /usr/bin/cmake /home/cuong/ros2_ws/src/my_robot_bringup -DCMAKE_INSTALL_PREFIX=/home/cuong/ros2_ws/install/my_robot_bringup
