[0.009s] Invoking command in '/home/cuong/ros2_ws/build/my_robot_bringup': CMAKE_PREFIX_PATH=/home/cuong/ros2_ws/install/my_robot_description:/home/cuong/ros2_ws/install/my_robot_bringup:/opt/ros/humble /usr/bin/cmake --build /home/cuong/ros2_ws/build/my_robot_bringup -- -j16 -l16
[0.054s] Invoked command in '/home/cuong/ros2_ws/build/my_robot_bringup' returned '0': CMAKE_PREFIX_PATH=/home/cuong/ros2_ws/install/my_robot_description:/home/cuong/ros2_ws/install/my_robot_bringup:/opt/ros/humble /usr/bin/cmake --build /home/cuong/ros2_ws/build/my_robot_bringup -- -j16 -l16
[0.079s] Invoking command in '/home/cuong/ros2_ws/build/my_robot_bringup': CMAKE_PREFIX_PATH=/home/cuong/ros2_ws/install/my_robot_description:/home/cuong/ros2_ws/install/my_robot_bringup:/opt/ros/humble /usr/bin/cmake --install /home/cuong/ros2_ws/build/my_robot_bringup
[0.087s] -- Install configuration: ""
[0.087s] -- Execute custom install script
[0.088s] -- Up-to-date symlink: /home/cuong/ros2_ws/install/my_robot_bringup/share/my_robot_bringup//launch/my_robot_gazebo.launch.xml
[0.088s] -- Up-to-date symlink: /home/cuong/ros2_ws/install/my_robot_bringup/share/my_robot_bringup//rviz/urdf_config.rviz
[0.088s] -- Up-to-date symlink: /home/cuong/ros2_ws/install/my_robot_bringup/share/ament_index/resource_index/package_run_dependencies/my_robot_bringup
[0.088s] -- Up-to-date symlink: /home/cuong/ros2_ws/install/my_robot_bringup/share/ament_index/resource_index/parent_prefix_path/my_robot_bringup
[0.089s] -- Up-to-date symlink: /home/cuong/ros2_ws/install/my_robot_bringup/share/my_robot_bringup/environment/ament_prefix_path.sh
[0.089s] -- Up-to-date symlink: /home/cuong/ros2_ws/install/my_robot_bringup/share/my_robot_bringup/environment/ament_prefix_path.dsv
[0.089s] -- Up-to-date symlink: /home/cuong/ros2_ws/install/my_robot_bringup/share/my_robot_bringup/environment/path.sh
[0.089s] -- Up-to-date symlink: /home/cuong/ros2_ws/install/my_robot_bringup/share/my_robot_bringup/environment/path.dsv
[0.090s] -- Up-to-date symlink: /home/cuong/ros2_ws/install/my_robot_bringup/share/my_robot_bringup/local_setup.bash
[0.090s] -- Up-to-date symlink: /home/cuong/ros2_ws/install/my_robot_bringup/share/my_robot_bringup/local_setup.sh
[0.090s] -- Up-to-date symlink: /home/cuong/ros2_ws/install/my_robot_bringup/share/my_robot_bringup/local_setup.zsh
[0.090s] -- Up-to-date symlink: /home/cuong/ros2_ws/install/my_robot_bringup/share/my_robot_bringup/local_setup.dsv
[0.090s] -- Symlinking: /home/cuong/ros2_ws/install/my_robot_bringup/share/my_robot_bringup/package.dsv
[0.101s] -- Up-to-date symlink: /home/cuong/ros2_ws/install/my_robot_bringup/share/ament_index/resource_index/packages/my_robot_bringup
[0.102s] -- Up-to-date symlink: /home/cuong/ros2_ws/install/my_robot_bringup/share/my_robot_bringup/cmake/my_robot_bringupConfig.cmake
[0.102s] -- Up-to-date symlink: /home/cuong/ros2_ws/install/my_robot_bringup/share/my_robot_bringup/cmake/my_robot_bringupConfig-version.cmake
[0.102s] -- Up-to-date symlink: /home/cuong/ros2_ws/install/my_robot_bringup/share/my_robot_bringup/package.xml
[0.104s] Invoked command in '/home/cuong/ros2_ws/build/my_robot_bringup' returned '0': CMAKE_PREFIX_PATH=/home/cuong/ros2_ws/install/my_robot_description:/home/cuong/ros2_ws/install/my_robot_bringup:/opt/ros/humble /usr/bin/cmake --install /home/cuong/ros2_ws/build/my_robot_bringup
