[0.008s] Invoking command in '/home/cuong/ros2_ws/build/my_robot_bringup': AMENT_PREFIX_PATH=/home/cuong/ros2_ws/install/my_robot_description:${AMENT_PREFIX_PATH} CMAKE_PREFIX_PATH=/home/cuong/ros2_ws/install/my_robot_description:/opt/ros/humble /usr/bin/cmake /home/cuong/ros2_ws/src/my_robot_bringup -DCMAKE_INSTALL_PREFIX=/home/cuong/ros2_ws/install/my_robot_bringup
[0.019s] -- Found ament_cmake: 1.3.10 (/opt/ros/humble/share/ament_cmake/cmake)
[0.116s] -- Override CMake install command with custom implementation using symlinks instead of copying resources
[0.175s] -- Configuring done
[0.177s] -- Generating done
[0.178s] -- Build files have been written to: /home/cuong/ros2_ws/build/my_robot_bringup
[0.182s] Invoked command in '/home/cuong/ros2_ws/build/my_robot_bringup' returned '0': AMENT_PREFIX_PATH=/home/cuong/ros2_ws/install/my_robot_description:${AMENT_PREFIX_PATH} CMAKE_PREFIX_PATH=/home/cuong/ros2_ws/install/my_robot_description:/opt/ros/humble /usr/bin/cmake /home/cuong/ros2_ws/src/my_robot_bringup -DCMAKE_INSTALL_PREFIX=/home/cuong/ros2_ws/install/my_robot_bringup
[0.184s] Invoking command in '/home/cuong/ros2_ws/build/my_robot_bringup': AMENT_PREFIX_PATH=/home/cuong/ros2_ws/install/my_robot_description:${AMENT_PREFIX_PATH} CMAKE_PREFIX_PATH=/home/cuong/ros2_ws/install/my_robot_description:/opt/ros/humble /usr/bin/cmake --build /home/cuong/ros2_ws/build/my_robot_bringup -- -j16 -l16
[0.224s] Invoked command in '/home/cuong/ros2_ws/build/my_robot_bringup' returned '0': AMENT_PREFIX_PATH=/home/cuong/ros2_ws/install/my_robot_description:${AMENT_PREFIX_PATH} CMAKE_PREFIX_PATH=/home/cuong/ros2_ws/install/my_robot_description:/opt/ros/humble /usr/bin/cmake --build /home/cuong/ros2_ws/build/my_robot_bringup -- -j16 -l16
[0.248s] Invoking command in '/home/cuong/ros2_ws/build/my_robot_bringup': AMENT_PREFIX_PATH=/home/cuong/ros2_ws/install/my_robot_description:${AMENT_PREFIX_PATH} CMAKE_PREFIX_PATH=/home/cuong/ros2_ws/install/my_robot_description:/opt/ros/humble /usr/bin/cmake --install /home/cuong/ros2_ws/build/my_robot_bringup
[0.256s] -- Install configuration: ""
[0.256s] -- Execute custom install script
[0.256s] -- Symlinking: /home/cuong/ros2_ws/install/my_robot_bringup/share/my_robot_bringup//launch/ekf.launch.py
[0.269s] -- Symlinking: /home/cuong/ros2_ws/install/my_robot_bringup/share/my_robot_bringup//launch/my_robot_gazebo.launch.py
[0.278s] -- Symlinking: /home/cuong/ros2_ws/install/my_robot_bringup/share/my_robot_bringup//launch/my_robot_gazebo.launch.xml
[0.288s] -- Symlinking: /home/cuong/ros2_ws/install/my_robot_bringup/share/my_robot_bringup//rviz/urdf_config.rviz
[0.299s] -- Symlinking: /home/cuong/ros2_ws/install/my_robot_bringup/share/ament_index/resource_index/package_run_dependencies/my_robot_bringup
[0.309s] -- Symlinking: /home/cuong/ros2_ws/install/my_robot_bringup/share/ament_index/resource_index/parent_prefix_path/my_robot_bringup
[0.319s] -- Symlinking: /home/cuong/ros2_ws/install/my_robot_bringup/share/my_robot_bringup/environment/ament_prefix_path.sh
[0.328s] -- Symlinking: /home/cuong/ros2_ws/install/my_robot_bringup/share/my_robot_bringup/environment/ament_prefix_path.dsv
[0.338s] -- Symlinking: /home/cuong/ros2_ws/install/my_robot_bringup/share/my_robot_bringup/environment/path.sh
[0.347s] -- Symlinking: /home/cuong/ros2_ws/install/my_robot_bringup/share/my_robot_bringup/environment/path.dsv
[0.357s] -- Symlinking: /home/cuong/ros2_ws/install/my_robot_bringup/share/my_robot_bringup/local_setup.bash
[0.367s] -- Symlinking: /home/cuong/ros2_ws/install/my_robot_bringup/share/my_robot_bringup/local_setup.sh
[0.376s] -- Symlinking: /home/cuong/ros2_ws/install/my_robot_bringup/share/my_robot_bringup/local_setup.zsh
[0.386s] -- Symlinking: /home/cuong/ros2_ws/install/my_robot_bringup/share/my_robot_bringup/local_setup.dsv
[0.396s] -- Symlinking: /home/cuong/ros2_ws/install/my_robot_bringup/share/my_robot_bringup/package.dsv
[0.406s] -- Symlinking: /home/cuong/ros2_ws/install/my_robot_bringup/share/ament_index/resource_index/packages/my_robot_bringup
[0.416s] -- Symlinking: /home/cuong/ros2_ws/install/my_robot_bringup/share/my_robot_bringup/cmake/my_robot_bringupConfig.cmake
[0.425s] -- Symlinking: /home/cuong/ros2_ws/install/my_robot_bringup/share/my_robot_bringup/cmake/my_robot_bringupConfig-version.cmake
[0.435s] -- Symlinking: /home/cuong/ros2_ws/install/my_robot_bringup/share/my_robot_bringup/package.xml
[0.449s] Invoked command in '/home/cuong/ros2_ws/build/my_robot_bringup' returned '0': AMENT_PREFIX_PATH=/home/cuong/ros2_ws/install/my_robot_description:${AMENT_PREFIX_PATH} CMAKE_PREFIX_PATH=/home/cuong/ros2_ws/install/my_robot_description:/opt/ros/humble /usr/bin/cmake --install /home/cuong/ros2_ws/build/my_robot_bringup
