[0.008s] Invoking command in '/home/cuong/ros2_ws/build/my_robot_description': CMAKE_PREFIX_PATH=${CMAKE_PREFIX_PATH}:/opt/ros/humble /usr/bin/cmake /home/cuong/ros2_ws/src/my_robot_description -DAMENT_CMAKE_SYMLINK_INSTALL=1 -DCMAKE_INSTALL_PREFIX=/home/cuong/ros2_ws/install/my_robot_description
[0.026s] -- Found ament_cmake: 1.3.10 (/opt/ros/humble/share/ament_cmake/cmake)
[0.131s] -- Override CMake install command with custom implementation using symlinks instead of copying resources
[0.202s] -- Configuring done
[0.206s] -- Generating done
[0.207s] -- Build files have been written to: /home/cuong/ros2_ws/build/my_robot_description
[0.212s] Invoked command in '/home/cuong/ros2_ws/build/my_robot_description' returned '0': CMAKE_PREFIX_PATH=${CMAKE_PREFIX_PATH}:/opt/ros/humble /usr/bin/cmake /home/cuong/ros2_ws/src/my_robot_description -DAMENT_CMAKE_SYMLINK_INSTALL=1 -DCMAKE_INSTALL_PREFIX=/home/cuong/ros2_ws/install/my_robot_description
[0.212s] Invoking command in '/home/cuong/ros2_ws/build/my_robot_description': CMAKE_PREFIX_PATH=${CMAKE_PREFIX_PATH}:/opt/ros/humble /usr/bin/cmake --build /home/cuong/ros2_ws/build/my_robot_description -- -j16 -l16
[0.253s] Invoked command in '/home/cuong/ros2_ws/build/my_robot_description' returned '0': CMAKE_PREFIX_PATH=${CMAKE_PREFIX_PATH}:/opt/ros/humble /usr/bin/cmake --build /home/cuong/ros2_ws/build/my_robot_description -- -j16 -l16
[0.286s] Invoking command in '/home/cuong/ros2_ws/build/my_robot_description': CMAKE_PREFIX_PATH=${CMAKE_PREFIX_PATH}:/opt/ros/humble /usr/bin/cmake --install /home/cuong/ros2_ws/build/my_robot_description
[0.294s] -- Install configuration: ""
[0.295s] -- Execute custom install script
[0.295s] -- Symlinking: /home/cuong/ros2_ws/install/my_robot_description/share/my_robot_description//urdf/common_properties.xacro
[0.305s] -- Symlinking: /home/cuong/ros2_ws/install/my_robot_description/share/my_robot_description//urdf/mobile_base.xacro
[0.315s] -- Symlinking: /home/cuong/ros2_ws/install/my_robot_description/share/my_robot_description//urdf/my_robot.urdf.xacro
[0.326s] -- Symlinking: /home/cuong/ros2_ws/install/my_robot_description/share/my_robot_description//launch/display.launch.py
[0.337s] -- Symlinking: /home/cuong/ros2_ws/install/my_robot_description/share/my_robot_description//launch/display.launch.xml
[0.347s] -- Symlinking: /home/cuong/ros2_ws/install/my_robot_description/share/my_robot_description//rviz/urdf_config.rviz
[0.358s] -- Symlinking: /home/cuong/ros2_ws/install/my_robot_description/share/ament_index/resource_index/package_run_dependencies/my_robot_description
[0.369s] -- Symlinking: /home/cuong/ros2_ws/install/my_robot_description/share/ament_index/resource_index/parent_prefix_path/my_robot_description
[0.380s] -- Symlinking: /home/cuong/ros2_ws/install/my_robot_description/share/my_robot_description/environment/ament_prefix_path.sh
[0.391s] -- Symlinking: /home/cuong/ros2_ws/install/my_robot_description/share/my_robot_description/environment/ament_prefix_path.dsv
[0.401s] -- Symlinking: /home/cuong/ros2_ws/install/my_robot_description/share/my_robot_description/environment/path.sh
[0.411s] -- Symlinking: /home/cuong/ros2_ws/install/my_robot_description/share/my_robot_description/environment/path.dsv
[0.422s] -- Symlinking: /home/cuong/ros2_ws/install/my_robot_description/share/my_robot_description/local_setup.bash
[0.432s] -- Symlinking: /home/cuong/ros2_ws/install/my_robot_description/share/my_robot_description/local_setup.sh
[0.441s] -- Symlinking: /home/cuong/ros2_ws/install/my_robot_description/share/my_robot_description/local_setup.zsh
[0.451s] -- Symlinking: /home/cuong/ros2_ws/install/my_robot_description/share/my_robot_description/local_setup.dsv
[0.461s] -- Symlinking: /home/cuong/ros2_ws/install/my_robot_description/share/my_robot_description/package.dsv
[0.473s] -- Symlinking: /home/cuong/ros2_ws/install/my_robot_description/share/ament_index/resource_index/packages/my_robot_description
[0.483s] -- Symlinking: /home/cuong/ros2_ws/install/my_robot_description/share/my_robot_description/cmake/my_robot_descriptionConfig.cmake
[0.493s] -- Symlinking: /home/cuong/ros2_ws/install/my_robot_description/share/my_robot_description/cmake/my_robot_descriptionConfig-version.cmake
[0.504s] -- Symlinking: /home/cuong/ros2_ws/install/my_robot_description/share/my_robot_description/package.xml
[0.517s] Invoked command in '/home/cuong/ros2_ws/build/my_robot_description' returned '0': CMAKE_PREFIX_PATH=${CMAKE_PREFIX_PATH}:/opt/ros/humble /usr/bin/cmake --install /home/cuong/ros2_ws/build/my_robot_description
