[0.010s] Invoking command in '/home/cuong/ros2_ws/build/my_robot_description': CMAKE_PREFIX_PATH=${CMAKE_PREFIX_PATH}:/opt/ros/humble /usr/bin/cmake /home/cuong/ros2_ws/src/my_robot_description -DAMENT_CMAKE_SYMLINK_INSTALL=1 -DCMAKE_INSTALL_PREFIX=/home/cuong/ros2_ws/install/my_robot_description
[0.022s] -- Found ament_cmake: 1.3.10 (/opt/ros/humble/share/ament_cmake/cmake)
[0.123s] -- Override CMake install command with custom implementation using symlinks instead of copying resources
[0.187s] -- Configuring done
[0.189s] -- Generating done
[0.190s] -- Build files have been written to: /home/cuong/ros2_ws/build/my_robot_description
[0.194s] Invoked command in '/home/cuong/ros2_ws/build/my_robot_description' returned '0': CMAKE_PREFIX_PATH=${CMAKE_PREFIX_PATH}:/opt/ros/humble /usr/bin/cmake /home/cuong/ros2_ws/src/my_robot_description -DAMENT_CMAKE_SYMLINK_INSTALL=1 -DCMAKE_INSTALL_PREFIX=/home/cuong/ros2_ws/install/my_robot_description
[0.195s] Invoking command in '/home/cuong/ros2_ws/build/my_robot_description': CMAKE_PREFIX_PATH=${CMAKE_PREFIX_PATH}:/opt/ros/humble /usr/bin/cmake --build /home/cuong/ros2_ws/build/my_robot_description -- -j16 -l16
[0.238s] Invoked command in '/home/cuong/ros2_ws/build/my_robot_description' returned '0': CMAKE_PREFIX_PATH=${CMAKE_PREFIX_PATH}:/opt/ros/humble /usr/bin/cmake --build /home/cuong/ros2_ws/build/my_robot_description -- -j16 -l16
[0.274s] Invoking command in '/home/cuong/ros2_ws/build/my_robot_description': CMAKE_PREFIX_PATH=${CMAKE_PREFIX_PATH}:/opt/ros/humble /usr/bin/cmake --install /home/cuong/ros2_ws/build/my_robot_description
[0.281s] -- Install configuration: ""
[0.281s] -- Execute custom install script
[0.282s] -- Up-to-date symlink: /home/cuong/ros2_ws/install/my_robot_description/share/my_robot_description//urdf/common_properties.xacro
[0.282s] -- Up-to-date symlink: /home/cuong/ros2_ws/install/my_robot_description/share/my_robot_description//urdf/gazebo_imu_plugin.xacro
[0.282s] -- Up-to-date symlink: /home/cuong/ros2_ws/install/my_robot_description/share/my_robot_description//urdf/gazebo_plugin.xacro
[0.282s] -- Up-to-date symlink: /home/cuong/ros2_ws/install/my_robot_description/share/my_robot_description//urdf/gazebo_properties.xacro
[0.282s] -- Up-to-date symlink: /home/cuong/ros2_ws/install/my_robot_description/share/my_robot_description//urdf/mobile_base.xacro
[0.283s] -- Up-to-date symlink: /home/cuong/ros2_ws/install/my_robot_description/share/my_robot_description//urdf/my_robot.urdf.xacro
[0.283s] -- Up-to-date symlink: /home/cuong/ros2_ws/install/my_robot_description/share/my_robot_description//urdf/sensor.xacro
[0.283s] -- Up-to-date symlink: /home/cuong/ros2_ws/install/my_robot_description/share/my_robot_description//launch/display.launch.py
[0.283s] -- Up-to-date symlink: /home/cuong/ros2_ws/install/my_robot_description/share/my_robot_description//launch/display.launch.xml
[0.283s] -- Up-to-date symlink: /home/cuong/ros2_ws/install/my_robot_description/share/my_robot_description//rviz/urdf_config.rviz
[0.283s] -- Up-to-date symlink: /home/cuong/ros2_ws/install/my_robot_description/share/ament_index/resource_index/package_run_dependencies/my_robot_description
[0.283s] -- Up-to-date symlink: /home/cuong/ros2_ws/install/my_robot_description/share/ament_index/resource_index/parent_prefix_path/my_robot_description
[0.283s] -- Up-to-date symlink: /home/cuong/ros2_ws/install/my_robot_description/share/my_robot_description/environment/ament_prefix_path.sh
[0.283s] -- Up-to-date symlink: /home/cuong/ros2_ws/install/my_robot_description/share/my_robot_description/environment/ament_prefix_path.dsv
[0.283s] -- Up-to-date symlink: /home/cuong/ros2_ws/install/my_robot_description/share/my_robot_description/environment/path.sh
[0.284s] -- Up-to-date symlink: /home/cuong/ros2_ws/install/my_robot_description/share/my_robot_description/environment/path.dsv
[0.284s] -- Up-to-date symlink: /home/cuong/ros2_ws/install/my_robot_description/share/my_robot_description/local_setup.bash
[0.284s] -- Up-to-date symlink: /home/cuong/ros2_ws/install/my_robot_description/share/my_robot_description/local_setup.sh
[0.284s] -- Up-to-date symlink: /home/cuong/ros2_ws/install/my_robot_description/share/my_robot_description/local_setup.zsh
[0.284s] -- Up-to-date symlink: /home/cuong/ros2_ws/install/my_robot_description/share/my_robot_description/local_setup.dsv
[0.284s] -- Symlinking: /home/cuong/ros2_ws/install/my_robot_description/share/my_robot_description/package.dsv
[0.294s] -- Up-to-date symlink: /home/cuong/ros2_ws/install/my_robot_description/share/ament_index/resource_index/packages/my_robot_description
[0.294s] -- Up-to-date symlink: /home/cuong/ros2_ws/install/my_robot_description/share/my_robot_description/cmake/my_robot_descriptionConfig.cmake
[0.294s] -- Up-to-date symlink: /home/cuong/ros2_ws/install/my_robot_description/share/my_robot_description/cmake/my_robot_descriptionConfig-version.cmake
[0.294s] -- Up-to-date symlink: /home/cuong/ros2_ws/install/my_robot_description/share/my_robot_description/package.xml
[0.297s] Invoked command in '/home/cuong/ros2_ws/build/my_robot_description' returned '0': CMAKE_PREFIX_PATH=${CMAKE_PREFIX_PATH}:/opt/ros/humble /usr/bin/cmake --install /home/cuong/ros2_ws/build/my_robot_description
