[0.205s] DEBUG:colcon:Command line arguments: ['/usr/bin/colcon', 'build', '--symlink-install']
[0.205s] DEBUG:colcon:Parsed command line arguments: Namespace(log_base=None, log_level=None, verb_name='build', build_base='build', install_base='install', merge_install=False, symlink_install=True, test_result_base=None, continue_on_error=False, executor='parallel', parallel_workers=16, event_handlers=None, ignore_user_meta=False, metas=['./colcon.meta'], base_paths=['.'], packages_ignore=None, packages_ignore_regex=None, paths=None, packages_up_to=None, packages_up_to_regex=None, packages_above=None, packages_above_and_dependencies=None, packages_above_depth=None, packages_select_by_dep=None, packages_skip_by_dep=None, packages_skip_up_to=None, packages_select_build_failed=False, packages_skip_build_finished=False, packages_select_test_failures=False, packages_skip_test_passed=False, packages_select=None, packages_skip=None, packages_select_regex=None, packages_skip_regex=None, packages_start=None, packages_end=None, allow_overriding=[], cmake_args=None, cmake_target=None, cmake_target_skip_unavailable=False, cmake_clean_cache=False, cmake_clean_first=False, cmake_force_configure=False, ament_cmake_args=None, catkin_cmake_args=None, catkin_skip_building_tests=False, mixin_files=None, mixin=None, verb_parser=<colcon_mixin.mixin.mixin_argument.MixinArgumentDecorator object at 0x746d0f51ea10>, verb_extension=<colcon_core.verb.build.BuildVerb object at 0x746d0f51e560>, main=<bound method BuildVerb.main of <colcon_core.verb.build.BuildVerb object at 0x746d0f51e560>>, mixin_verb=('build',))
[0.395s] Level 1:colcon.colcon_core.package_discovery:discover_packages(colcon_meta) check parameters
[0.395s] Level 1:colcon.colcon_core.package_discovery:discover_packages(recursive) check parameters
[0.395s] Level 1:colcon.colcon_core.package_discovery:discover_packages(ignore) check parameters
[0.395s] Level 1:colcon.colcon_core.package_discovery:discover_packages(path) check parameters
[0.395s] Level 1:colcon.colcon_core.package_discovery:discover_packages(colcon_meta) discover
[0.395s] Level 1:colcon.colcon_core.package_discovery:discover_packages(recursive) discover
[0.395s] INFO:colcon.colcon_core.package_discovery:Crawling recursively for packages in '/home/cuong/ros2_ws'
[0.395s] Level 1:colcon.colcon_core.package_identification:_identify(.) by extensions ['ignore', 'ignore_ament_install']
[0.395s] Level 1:colcon.colcon_core.package_identification:_identify(.) by extension 'ignore'
[0.395s] Level 1:colcon.colcon_core.package_identification:_identify(.) by extension 'ignore_ament_install'
[0.395s] Level 1:colcon.colcon_core.package_identification:_identify(.) by extensions ['colcon_pkg']
[0.395s] Level 1:colcon.colcon_core.package_identification:_identify(.) by extension 'colcon_pkg'
[0.395s] Level 1:colcon.colcon_core.package_identification:_identify(.) by extensions ['colcon_meta']
[0.395s] Level 1:colcon.colcon_core.package_identification:_identify(.) by extension 'colcon_meta'
[0.396s] Level 1:colcon.colcon_core.package_identification:_identify(.) by extensions ['ros']
[0.396s] Level 1:colcon.colcon_core.package_identification:_identify(.) by extension 'ros'
[0.407s] Level 1:colcon.colcon_core.package_identification:_identify(.) by extensions ['cmake', 'python']
[0.407s] Level 1:colcon.colcon_core.package_identification:_identify(.) by extension 'cmake'
[0.407s] Level 1:colcon.colcon_core.package_identification:_identify(.) by extension 'python'
[0.407s] Level 1:colcon.colcon_core.package_identification:_identify(.) by extensions ['python_setup_py']
[0.407s] Level 1:colcon.colcon_core.package_identification:_identify(.) by extension 'python_setup_py'
[0.407s] Level 1:colcon.colcon_core.package_identification:_identify(build) by extensions ['ignore', 'ignore_ament_install']
[0.407s] Level 1:colcon.colcon_core.package_identification:_identify(build) by extension 'ignore'
[0.407s] Level 1:colcon.colcon_core.package_identification:_identify(build) ignored
[0.407s] Level 1:colcon.colcon_core.package_identification:_identify(install) by extensions ['ignore', 'ignore_ament_install']
[0.407s] Level 1:colcon.colcon_core.package_identification:_identify(install) by extension 'ignore'
[0.407s] Level 1:colcon.colcon_core.package_identification:_identify(install) ignored
[0.407s] Level 1:colcon.colcon_core.package_identification:_identify(log) by extensions ['ignore', 'ignore_ament_install']
[0.407s] Level 1:colcon.colcon_core.package_identification:_identify(log) by extension 'ignore'
[0.407s] Level 1:colcon.colcon_core.package_identification:_identify(log) ignored
[0.407s] Level 1:colcon.colcon_core.package_identification:_identify(src) by extensions ['ignore', 'ignore_ament_install']
[0.407s] Level 1:colcon.colcon_core.package_identification:_identify(src) by extension 'ignore'
[0.407s] Level 1:colcon.colcon_core.package_identification:_identify(src) by extension 'ignore_ament_install'
[0.408s] Level 1:colcon.colcon_core.package_identification:_identify(src) by extensions ['colcon_pkg']
[0.408s] Level 1:colcon.colcon_core.package_identification:_identify(src) by extension 'colcon_pkg'
[0.408s] Level 1:colcon.colcon_core.package_identification:_identify(src) by extensions ['colcon_meta']
[0.408s] Level 1:colcon.colcon_core.package_identification:_identify(src) by extension 'colcon_meta'
[0.408s] Level 1:colcon.colcon_core.package_identification:_identify(src) by extensions ['ros']
[0.408s] Level 1:colcon.colcon_core.package_identification:_identify(src) by extension 'ros'
[0.408s] Level 1:colcon.colcon_core.package_identification:_identify(src) by extensions ['cmake', 'python']
[0.408s] Level 1:colcon.colcon_core.package_identification:_identify(src) by extension 'cmake'
[0.408s] Level 1:colcon.colcon_core.package_identification:_identify(src) by extension 'python'
[0.408s] Level 1:colcon.colcon_core.package_identification:_identify(src) by extensions ['python_setup_py']
[0.408s] Level 1:colcon.colcon_core.package_identification:_identify(src) by extension 'python_setup_py'
[0.408s] Level 1:colcon.colcon_core.package_identification:_identify(src/my_robot_bringup) by extensions ['ignore', 'ignore_ament_install']
[0.408s] Level 1:colcon.colcon_core.package_identification:_identify(src/my_robot_bringup) by extension 'ignore'
[0.408s] Level 1:colcon.colcon_core.package_identification:_identify(src/my_robot_bringup) by extension 'ignore_ament_install'
[0.408s] Level 1:colcon.colcon_core.package_identification:_identify(src/my_robot_bringup) by extensions ['colcon_pkg']
[0.408s] Level 1:colcon.colcon_core.package_identification:_identify(src/my_robot_bringup) by extension 'colcon_pkg'
[0.408s] Level 1:colcon.colcon_core.package_identification:_identify(src/my_robot_bringup) by extensions ['colcon_meta']
[0.408s] Level 1:colcon.colcon_core.package_identification:_identify(src/my_robot_bringup) by extension 'colcon_meta'
[0.408s] Level 1:colcon.colcon_core.package_identification:_identify(src/my_robot_bringup) by extensions ['ros']
[0.408s] Level 1:colcon.colcon_core.package_identification:_identify(src/my_robot_bringup) by extension 'ros'
[0.411s] DEBUG:colcon.colcon_core.package_identification:Package 'src/my_robot_bringup' with type 'ros.ament_cmake' and name 'my_robot_bringup'
[0.411s] Level 1:colcon.colcon_core.package_identification:_identify(src/my_robot_description) by extensions ['ignore', 'ignore_ament_install']
[0.411s] Level 1:colcon.colcon_core.package_identification:_identify(src/my_robot_description) by extension 'ignore'
[0.411s] Level 1:colcon.colcon_core.package_identification:_identify(src/my_robot_description) by extension 'ignore_ament_install'
[0.411s] Level 1:colcon.colcon_core.package_identification:_identify(src/my_robot_description) by extensions ['colcon_pkg']
[0.411s] Level 1:colcon.colcon_core.package_identification:_identify(src/my_robot_description) by extension 'colcon_pkg'
[0.411s] Level 1:colcon.colcon_core.package_identification:_identify(src/my_robot_description) by extensions ['colcon_meta']
[0.411s] Level 1:colcon.colcon_core.package_identification:_identify(src/my_robot_description) by extension 'colcon_meta'
[0.411s] Level 1:colcon.colcon_core.package_identification:_identify(src/my_robot_description) by extensions ['ros']
[0.411s] Level 1:colcon.colcon_core.package_identification:_identify(src/my_robot_description) by extension 'ros'
[0.412s] DEBUG:colcon.colcon_core.package_identification:Package 'src/my_robot_description' with type 'ros.ament_cmake' and name 'my_robot_description'
[0.412s] Level 1:colcon.colcon_core.package_discovery:discover_packages(recursive) using defaults
[0.412s] Level 1:colcon.colcon_core.package_discovery:discover_packages(ignore) discover
[0.412s] Level 1:colcon.colcon_core.package_discovery:discover_packages(ignore) using defaults
[0.412s] Level 1:colcon.colcon_core.package_discovery:discover_packages(path) discover
[0.412s] Level 1:colcon.colcon_core.package_discovery:discover_packages(path) using defaults
[0.448s] Level 1:colcon.colcon_core.package_discovery:discover_packages(prefix_path) check parameters
[0.448s] Level 1:colcon.colcon_core.package_discovery:discover_packages(prefix_path) discover
[0.451s] DEBUG:colcon.colcon_installed_package_information.package_discovery:Found 2 installed packages in /home/cuong/ros2_ws/install
[0.452s] DEBUG:colcon.colcon_installed_package_information.package_discovery:Found 320 installed packages in /opt/ros/humble
[0.453s] Level 1:colcon.colcon_core.package_discovery:discover_packages(prefix_path) using defaults
[0.489s] Level 5:colcon.colcon_core.verb:set package 'my_robot_description' build argument 'cmake_args' from command line to 'None'
[0.489s] Level 5:colcon.colcon_core.verb:set package 'my_robot_description' build argument 'cmake_target' from command line to 'None'
[0.489s] Level 5:colcon.colcon_core.verb:set package 'my_robot_description' build argument 'cmake_target_skip_unavailable' from command line to 'False'
[0.489s] Level 5:colcon.colcon_core.verb:set package 'my_robot_description' build argument 'cmake_clean_cache' from command line to 'False'
[0.489s] Level 5:colcon.colcon_core.verb:set package 'my_robot_description' build argument 'cmake_clean_first' from command line to 'False'
[0.489s] Level 5:colcon.colcon_core.verb:set package 'my_robot_description' build argument 'cmake_force_configure' from command line to 'False'
[0.489s] Level 5:colcon.colcon_core.verb:set package 'my_robot_description' build argument 'ament_cmake_args' from command line to 'None'
[0.489s] Level 5:colcon.colcon_core.verb:set package 'my_robot_description' build argument 'catkin_cmake_args' from command line to 'None'
[0.489s] Level 5:colcon.colcon_core.verb:set package 'my_robot_description' build argument 'catkin_skip_building_tests' from command line to 'False'
[0.489s] DEBUG:colcon.colcon_core.verb:Building package 'my_robot_description' with the following arguments: {'ament_cmake_args': None, 'build_base': '/home/cuong/ros2_ws/build/my_robot_description', 'catkin_cmake_args': None, 'catkin_skip_building_tests': False, 'cmake_args': None, 'cmake_clean_cache': False, 'cmake_clean_first': False, 'cmake_force_configure': False, 'cmake_target': None, 'cmake_target_skip_unavailable': False, 'install_base': '/home/cuong/ros2_ws/install/my_robot_description', 'merge_install': False, 'path': '/home/cuong/ros2_ws/src/my_robot_description', 'symlink_install': True, 'test_result_base': None}
[0.489s] Level 5:colcon.colcon_core.verb:set package 'my_robot_bringup' build argument 'cmake_args' from command line to 'None'
[0.489s] Level 5:colcon.colcon_core.verb:set package 'my_robot_bringup' build argument 'cmake_target' from command line to 'None'
[0.489s] Level 5:colcon.colcon_core.verb:set package 'my_robot_bringup' build argument 'cmake_target_skip_unavailable' from command line to 'False'
[0.489s] Level 5:colcon.colcon_core.verb:set package 'my_robot_bringup' build argument 'cmake_clean_cache' from command line to 'False'
[0.489s] Level 5:colcon.colcon_core.verb:set package 'my_robot_bringup' build argument 'cmake_clean_first' from command line to 'False'
[0.489s] Level 5:colcon.colcon_core.verb:set package 'my_robot_bringup' build argument 'cmake_force_configure' from command line to 'False'
[0.489s] Level 5:colcon.colcon_core.verb:set package 'my_robot_bringup' build argument 'ament_cmake_args' from command line to 'None'
[0.489s] Level 5:colcon.colcon_core.verb:set package 'my_robot_bringup' build argument 'catkin_cmake_args' from command line to 'None'
[0.489s] Level 5:colcon.colcon_core.verb:set package 'my_robot_bringup' build argument 'catkin_skip_building_tests' from command line to 'False'
[0.489s] DEBUG:colcon.colcon_core.verb:Building package 'my_robot_bringup' with the following arguments: {'ament_cmake_args': None, 'build_base': '/home/cuong/ros2_ws/build/my_robot_bringup', 'catkin_cmake_args': None, 'catkin_skip_building_tests': False, 'cmake_args': None, 'cmake_clean_cache': False, 'cmake_clean_first': False, 'cmake_force_configure': False, 'cmake_target': None, 'cmake_target_skip_unavailable': False, 'install_base': '/home/cuong/ros2_ws/install/my_robot_bringup', 'merge_install': False, 'path': '/home/cuong/ros2_ws/src/my_robot_bringup', 'symlink_install': True, 'test_result_base': None}
[0.490s] INFO:colcon.colcon_core.executor:Executing jobs using 'parallel' executor
[0.491s] DEBUG:colcon.colcon_parallel_executor.executor.parallel:run_until_complete
[0.491s] INFO:colcon.colcon_ros.task.ament_cmake.build:Building ROS package in '/home/cuong/ros2_ws/src/my_robot_description' with build type 'ament_cmake'
[0.491s] INFO:colcon.colcon_cmake.task.cmake.build:Building CMake package in '/home/cuong/ros2_ws/src/my_robot_description'
[0.495s] INFO:colcon.colcon_core.plugin_system:Skipping extension 'colcon_core.shell.bat': Not used on non-Windows systems
[0.495s] INFO:colcon.colcon_core.shell:Skip shell extension 'powershell' for command environment: Not usable outside of PowerShell
[0.495s] DEBUG:colcon.colcon_core.shell:Skip shell extension 'dsv' for command environment
[0.505s] DEBUG:colcon.colcon_core.event_handler.log_command:Invoking command in '/home/cuong/ros2_ws/build/my_robot_description': CMAKE_PREFIX_PATH=${CMAKE_PREFIX_PATH}:/opt/ros/humble /usr/bin/cmake --build /home/cuong/ros2_ws/build/my_robot_description -- -j16 -l16
[0.572s] DEBUG:colcon.colcon_core.event_handler.log_command:Invoked command in '/home/cuong/ros2_ws/build/my_robot_description' returned '0': CMAKE_PREFIX_PATH=${CMAKE_PREFIX_PATH}:/opt/ros/humble /usr/bin/cmake --build /home/cuong/ros2_ws/build/my_robot_description -- -j16 -l16
[0.609s] DEBUG:colcon.colcon_core.event_handler.log_command:Invoking command in '/home/cuong/ros2_ws/build/my_robot_description': CMAKE_PREFIX_PATH=${CMAKE_PREFIX_PATH}:/opt/ros/humble /usr/bin/cmake --install /home/cuong/ros2_ws/build/my_robot_description
[0.637s] Level 1:colcon.colcon_core.environment:create_environment_scripts_only(my_robot_description)
[0.638s] DEBUG:colcon.colcon_core.event_handler.log_command:Invoked command in '/home/cuong/ros2_ws/build/my_robot_description' returned '0': CMAKE_PREFIX_PATH=${CMAKE_PREFIX_PATH}:/opt/ros/humble /usr/bin/cmake --install /home/cuong/ros2_ws/build/my_robot_description
[0.643s] Level 1:colcon.colcon_core.environment:checking '/home/cuong/ros2_ws/install/my_robot_description' for CMake module files
[0.643s] Level 1:colcon.colcon_core.environment:checking '/home/cuong/ros2_ws/install/my_robot_description' for CMake config files
[0.643s] Level 1:colcon.colcon_core.shell:create_environment_hook('my_robot_description', 'cmake_prefix_path')
[0.643s] INFO:colcon.colcon_core.shell:Creating environment hook '/home/cuong/ros2_ws/install/my_robot_description/share/my_robot_description/hook/cmake_prefix_path.ps1'
[0.644s] INFO:colcon.colcon_core.shell:Creating environment descriptor '/home/cuong/ros2_ws/install/my_robot_description/share/my_robot_description/hook/cmake_prefix_path.dsv'
[0.645s] INFO:colcon.colcon_core.shell:Creating environment hook '/home/cuong/ros2_ws/install/my_robot_description/share/my_robot_description/hook/cmake_prefix_path.sh'
[0.646s] Level 1:colcon.colcon_core.environment:checking '/home/cuong/ros2_ws/install/my_robot_description/bin'
[0.646s] Level 1:colcon.colcon_core.environment:checking '/home/cuong/ros2_ws/install/my_robot_description/lib/pkgconfig/my_robot_description.pc'
[0.646s] Level 1:colcon.colcon_core.environment:checking '/home/cuong/ros2_ws/install/my_robot_description/lib/python3.10/site-packages'
[0.646s] Level 1:colcon.colcon_core.environment:checking '/home/cuong/ros2_ws/install/my_robot_description/bin'
[0.646s] INFO:colcon.colcon_core.shell:Creating package script '/home/cuong/ros2_ws/install/my_robot_description/share/my_robot_description/package.ps1'
[0.647s] INFO:colcon.colcon_core.shell:Creating package descriptor '/home/cuong/ros2_ws/install/my_robot_description/share/my_robot_description/package.dsv'
[0.648s] INFO:colcon.colcon_core.shell:Creating package script '/home/cuong/ros2_ws/install/my_robot_description/share/my_robot_description/package.sh'
[0.648s] INFO:colcon.colcon_core.shell:Creating package script '/home/cuong/ros2_ws/install/my_robot_description/share/my_robot_description/package.bash'
[0.649s] INFO:colcon.colcon_core.shell:Creating package script '/home/cuong/ros2_ws/install/my_robot_description/share/my_robot_description/package.zsh'
[0.650s] Level 1:colcon.colcon_core.environment:create_file_with_runtime_dependencies(/home/cuong/ros2_ws/install/my_robot_description/share/colcon-core/packages/my_robot_description)
[0.675s] Level 1:colcon.colcon_core.environment:create_environment_scripts_only(my_robot_description)
[0.676s] Level 1:colcon.colcon_core.environment:checking '/home/cuong/ros2_ws/install/my_robot_description' for CMake module files
[0.676s] Level 1:colcon.colcon_core.environment:checking '/home/cuong/ros2_ws/install/my_robot_description' for CMake config files
[0.677s] Level 1:colcon.colcon_core.shell:create_environment_hook('my_robot_description', 'cmake_prefix_path')
[0.677s] INFO:colcon.colcon_core.shell:Creating environment hook '/home/cuong/ros2_ws/install/my_robot_description/share/my_robot_description/hook/cmake_prefix_path.ps1'
[0.677s] INFO:colcon.colcon_core.shell:Creating environment descriptor '/home/cuong/ros2_ws/install/my_robot_description/share/my_robot_description/hook/cmake_prefix_path.dsv'
[0.677s] INFO:colcon.colcon_core.shell:Creating environment hook '/home/cuong/ros2_ws/install/my_robot_description/share/my_robot_description/hook/cmake_prefix_path.sh'
[0.678s] Level 1:colcon.colcon_core.environment:checking '/home/cuong/ros2_ws/install/my_robot_description/bin'
[0.678s] Level 1:colcon.colcon_core.environment:checking '/home/cuong/ros2_ws/install/my_robot_description/lib/pkgconfig/my_robot_description.pc'
[0.678s] Level 1:colcon.colcon_core.environment:checking '/home/cuong/ros2_ws/install/my_robot_description/lib/python3.10/site-packages'
[0.678s] Level 1:colcon.colcon_core.environment:checking '/home/cuong/ros2_ws/install/my_robot_description/bin'
[0.678s] INFO:colcon.colcon_core.shell:Creating package script '/home/cuong/ros2_ws/install/my_robot_description/share/my_robot_description/package.ps1'
[0.679s] INFO:colcon.colcon_core.shell:Creating package descriptor '/home/cuong/ros2_ws/install/my_robot_description/share/my_robot_description/package.dsv'
[0.679s] INFO:colcon.colcon_core.shell:Creating package script '/home/cuong/ros2_ws/install/my_robot_description/share/my_robot_description/package.sh'
[0.679s] INFO:colcon.colcon_core.shell:Creating package script '/home/cuong/ros2_ws/install/my_robot_description/share/my_robot_description/package.bash'
[0.680s] INFO:colcon.colcon_core.shell:Creating package script '/home/cuong/ros2_ws/install/my_robot_description/share/my_robot_description/package.zsh'
[0.680s] Level 1:colcon.colcon_core.environment:create_file_with_runtime_dependencies(/home/cuong/ros2_ws/install/my_robot_description/share/colcon-core/packages/my_robot_description)
[0.680s] INFO:colcon.colcon_ros.task.ament_cmake.build:Building ROS package in '/home/cuong/ros2_ws/src/my_robot_bringup' with build type 'ament_cmake'
[0.680s] INFO:colcon.colcon_cmake.task.cmake.build:Building CMake package in '/home/cuong/ros2_ws/src/my_robot_bringup'
[0.680s] INFO:colcon.colcon_core.shell:Skip shell extension 'powershell' for command environment: Not usable outside of PowerShell
[0.680s] DEBUG:colcon.colcon_core.shell:Skip shell extension 'dsv' for command environment
[0.690s] DEBUG:colcon.colcon_core.event_handler.log_command:Invoking command in '/home/cuong/ros2_ws/build/my_robot_bringup': CMAKE_PREFIX_PATH=/home/cuong/ros2_ws/install/my_robot_description:/home/cuong/ros2_ws/install/my_robot_bringup:/opt/ros/humble /usr/bin/cmake --build /home/cuong/ros2_ws/build/my_robot_bringup -- -j16 -l16
[0.735s] DEBUG:colcon.colcon_core.event_handler.log_command:Invoked command in '/home/cuong/ros2_ws/build/my_robot_bringup' returned '0': CMAKE_PREFIX_PATH=/home/cuong/ros2_ws/install/my_robot_description:/home/cuong/ros2_ws/install/my_robot_bringup:/opt/ros/humble /usr/bin/cmake --build /home/cuong/ros2_ws/build/my_robot_bringup -- -j16 -l16
[0.760s] DEBUG:colcon.colcon_core.event_handler.log_command:Invoking command in '/home/cuong/ros2_ws/build/my_robot_bringup': CMAKE_PREFIX_PATH=/home/cuong/ros2_ws/install/my_robot_description:/home/cuong/ros2_ws/install/my_robot_bringup:/opt/ros/humble /usr/bin/cmake --install /home/cuong/ros2_ws/build/my_robot_bringup
[0.785s] Level 1:colcon.colcon_core.environment:create_environment_scripts_only(my_robot_bringup)
[0.785s] Level 1:colcon.colcon_core.environment:checking '/home/cuong/ros2_ws/install/my_robot_bringup' for CMake module files
[0.786s] DEBUG:colcon.colcon_core.event_handler.log_command:Invoked command in '/home/cuong/ros2_ws/build/my_robot_bringup' returned '0': CMAKE_PREFIX_PATH=/home/cuong/ros2_ws/install/my_robot_description:/home/cuong/ros2_ws/install/my_robot_bringup:/opt/ros/humble /usr/bin/cmake --install /home/cuong/ros2_ws/build/my_robot_bringup
[0.786s] Level 1:colcon.colcon_core.environment:checking '/home/cuong/ros2_ws/install/my_robot_bringup' for CMake config files
[0.787s] Level 1:colcon.colcon_core.shell:create_environment_hook('my_robot_bringup', 'cmake_prefix_path')
[0.787s] INFO:colcon.colcon_core.shell:Creating environment hook '/home/cuong/ros2_ws/install/my_robot_bringup/share/my_robot_bringup/hook/cmake_prefix_path.ps1'
[0.787s] INFO:colcon.colcon_core.shell:Creating environment descriptor '/home/cuong/ros2_ws/install/my_robot_bringup/share/my_robot_bringup/hook/cmake_prefix_path.dsv'
[0.788s] INFO:colcon.colcon_core.shell:Creating environment hook '/home/cuong/ros2_ws/install/my_robot_bringup/share/my_robot_bringup/hook/cmake_prefix_path.sh'
[0.788s] Level 1:colcon.colcon_core.environment:checking '/home/cuong/ros2_ws/install/my_robot_bringup/bin'
[0.788s] Level 1:colcon.colcon_core.environment:checking '/home/cuong/ros2_ws/install/my_robot_bringup/lib/pkgconfig/my_robot_bringup.pc'
[0.788s] Level 1:colcon.colcon_core.environment:checking '/home/cuong/ros2_ws/install/my_robot_bringup/lib/python3.10/site-packages'
[0.788s] Level 1:colcon.colcon_core.environment:checking '/home/cuong/ros2_ws/install/my_robot_bringup/bin'
[0.789s] INFO:colcon.colcon_core.shell:Creating package script '/home/cuong/ros2_ws/install/my_robot_bringup/share/my_robot_bringup/package.ps1'
[0.789s] INFO:colcon.colcon_core.shell:Creating package descriptor '/home/cuong/ros2_ws/install/my_robot_bringup/share/my_robot_bringup/package.dsv'
[0.789s] INFO:colcon.colcon_core.shell:Creating package script '/home/cuong/ros2_ws/install/my_robot_bringup/share/my_robot_bringup/package.sh'
[0.790s] INFO:colcon.colcon_core.shell:Creating package script '/home/cuong/ros2_ws/install/my_robot_bringup/share/my_robot_bringup/package.bash'
[0.790s] INFO:colcon.colcon_core.shell:Creating package script '/home/cuong/ros2_ws/install/my_robot_bringup/share/my_robot_bringup/package.zsh'
[0.790s] Level 1:colcon.colcon_core.environment:create_file_with_runtime_dependencies(/home/cuong/ros2_ws/install/my_robot_bringup/share/colcon-core/packages/my_robot_bringup)
[0.815s] Level 1:colcon.colcon_core.environment:create_environment_scripts_only(my_robot_bringup)
[0.815s] Level 1:colcon.colcon_core.environment:checking '/home/cuong/ros2_ws/install/my_robot_bringup' for CMake module files
[0.816s] Level 1:colcon.colcon_core.environment:checking '/home/cuong/ros2_ws/install/my_robot_bringup' for CMake config files
[0.816s] Level 1:colcon.colcon_core.shell:create_environment_hook('my_robot_bringup', 'cmake_prefix_path')
[0.816s] INFO:colcon.colcon_core.shell:Creating environment hook '/home/cuong/ros2_ws/install/my_robot_bringup/share/my_robot_bringup/hook/cmake_prefix_path.ps1'
[0.816s] INFO:colcon.colcon_core.shell:Creating environment descriptor '/home/cuong/ros2_ws/install/my_robot_bringup/share/my_robot_bringup/hook/cmake_prefix_path.dsv'
[0.817s] INFO:colcon.colcon_core.shell:Creating environment hook '/home/cuong/ros2_ws/install/my_robot_bringup/share/my_robot_bringup/hook/cmake_prefix_path.sh'
[0.817s] Level 1:colcon.colcon_core.environment:checking '/home/cuong/ros2_ws/install/my_robot_bringup/bin'
[0.817s] Level 1:colcon.colcon_core.environment:checking '/home/cuong/ros2_ws/install/my_robot_bringup/lib/pkgconfig/my_robot_bringup.pc'
[0.817s] Level 1:colcon.colcon_core.environment:checking '/home/cuong/ros2_ws/install/my_robot_bringup/lib/python3.10/site-packages'
[0.817s] Level 1:colcon.colcon_core.environment:checking '/home/cuong/ros2_ws/install/my_robot_bringup/bin'
[0.818s] INFO:colcon.colcon_core.shell:Creating package script '/home/cuong/ros2_ws/install/my_robot_bringup/share/my_robot_bringup/package.ps1'
[0.818s] INFO:colcon.colcon_core.shell:Creating package descriptor '/home/cuong/ros2_ws/install/my_robot_bringup/share/my_robot_bringup/package.dsv'
[0.818s] INFO:colcon.colcon_core.shell:Creating package script '/home/cuong/ros2_ws/install/my_robot_bringup/share/my_robot_bringup/package.sh'
[0.819s] INFO:colcon.colcon_core.shell:Creating package script '/home/cuong/ros2_ws/install/my_robot_bringup/share/my_robot_bringup/package.bash'
[0.819s] INFO:colcon.colcon_core.shell:Creating package script '/home/cuong/ros2_ws/install/my_robot_bringup/share/my_robot_bringup/package.zsh'
[0.819s] Level 1:colcon.colcon_core.environment:create_file_with_runtime_dependencies(/home/cuong/ros2_ws/install/my_robot_bringup/share/colcon-core/packages/my_robot_bringup)
[0.819s] DEBUG:colcon.colcon_parallel_executor.executor.parallel:closing loop
[0.820s] DEBUG:colcon.colcon_parallel_executor.executor.parallel:loop closed
[0.820s] DEBUG:colcon.colcon_parallel_executor.executor.parallel:run_until_complete finished with '0'
[0.820s] DEBUG:colcon.colcon_core.event_reactor:joining thread
[0.825s] INFO:colcon.colcon_core.plugin_system:Skipping extension 'colcon_notification.desktop_notification.terminal_notifier': Not used on non-Darwin systems
[0.825s] INFO:colcon.colcon_core.plugin_system:Skipping extension 'colcon_notification.desktop_notification.win32': Not used on non-Windows systems
[0.825s] INFO:colcon.colcon_notification.desktop_notification:Sending desktop notification using 'notify2'
[0.845s] DEBUG:colcon.colcon_core.event_reactor:joined thread
[0.846s] INFO:colcon.colcon_core.shell:Creating prefix script '/home/cuong/ros2_ws/install/local_setup.ps1'
[0.847s] INFO:colcon.colcon_core.shell:Creating prefix util module '/home/cuong/ros2_ws/install/_local_setup_util_ps1.py'
[0.848s] INFO:colcon.colcon_core.shell:Creating prefix chain script '/home/cuong/ros2_ws/install/setup.ps1'
[0.849s] INFO:colcon.colcon_core.shell:Creating prefix script '/home/cuong/ros2_ws/install/local_setup.sh'
[0.850s] INFO:colcon.colcon_core.shell:Creating prefix util module '/home/cuong/ros2_ws/install/_local_setup_util_sh.py'
[0.850s] INFO:colcon.colcon_core.shell:Creating prefix chain script '/home/cuong/ros2_ws/install/setup.sh'
[0.851s] INFO:colcon.colcon_core.shell:Creating prefix script '/home/cuong/ros2_ws/install/local_setup.bash'
[0.852s] INFO:colcon.colcon_core.shell:Creating prefix chain script '/home/cuong/ros2_ws/install/setup.bash'
[0.853s] INFO:colcon.colcon_core.shell:Creating prefix script '/home/cuong/ros2_ws/install/local_setup.zsh'
[0.853s] INFO:colcon.colcon_core.shell:Creating prefix chain script '/home/cuong/ros2_ws/install/setup.zsh'
