[0.012s] Invoking command in '/home/cuong/ros2_ws/build/my_robot_description': CMAKE_PREFIX_PATH=${CMAKE_PREFIX_PATH}:/opt/ros/humble /usr/bin/cmake --build /home/cuong/ros2_ws/build/my_robot_description -- -j16 -l16
[0.055s] Invoked command in '/home/cuong/ros2_ws/build/my_robot_description' returned '0': CMAKE_PREFIX_PATH=${CMAKE_PREFIX_PATH}:/opt/ros/humble /usr/bin/cmake --build /home/cuong/ros2_ws/build/my_robot_description -- -j16 -l16
[0.090s] Invoking command in '/home/cuong/ros2_ws/build/my_robot_description': CMAKE_PREFIX_PATH=${CMAKE_PREFIX_PATH}:/opt/ros/humble /usr/bin/cmake --install /home/cuong/ros2_ws/build/my_robot_description
[0.098s] -- Install configuration: ""
[0.098s] -- Execute custom install script
[0.099s] -- Up-to-date symlink: /home/cuong/ros2_ws/install/my_robot_description/share/my_robot_description//urdf/common_properties.xacro
[0.099s] -- Up-to-date symlink: /home/cuong/ros2_ws/install/my_robot_description/share/my_robot_description//urdf/gazebo_imu_plugin.xacro
[0.099s] -- Up-to-date symlink: /home/cuong/ros2_ws/install/my_robot_description/share/my_robot_description//urdf/gazebo_plugin.xacro
[0.099s] -- Up-to-date symlink: /home/cuong/ros2_ws/install/my_robot_description/share/my_robot_description//urdf/gazebo_properties.xacro
[0.099s] -- Up-to-date symlink: /home/cuong/ros2_ws/install/my_robot_description/share/my_robot_description//urdf/mobile_base.xacro
[0.100s] -- Up-to-date symlink: /home/cuong/ros2_ws/install/my_robot_description/share/my_robot_description//urdf/my_robot.urdf.xacro
[0.100s] -- Up-to-date symlink: /home/cuong/ros2_ws/install/my_robot_description/share/my_robot_description//urdf/sensor.xacro
[0.100s] -- Up-to-date symlink: /home/cuong/ros2_ws/install/my_robot_description/share/my_robot_description//launch/display.launch.py
[0.100s] -- Up-to-date symlink: /home/cuong/ros2_ws/install/my_robot_description/share/my_robot_description//launch/display.launch.xml
[0.100s] -- Up-to-date symlink: /home/cuong/ros2_ws/install/my_robot_description/share/my_robot_description//rviz/urdf_config.rviz
[0.100s] -- Up-to-date symlink: /home/cuong/ros2_ws/install/my_robot_description/share/ament_index/resource_index/package_run_dependencies/my_robot_description
[0.100s] -- Up-to-date symlink: /home/cuong/ros2_ws/install/my_robot_description/share/ament_index/resource_index/parent_prefix_path/my_robot_description
[0.100s] -- Up-to-date symlink: /home/cuong/ros2_ws/install/my_robot_description/share/my_robot_description/environment/ament_prefix_path.sh
[0.100s] -- Up-to-date symlink: /home/cuong/ros2_ws/install/my_robot_description/share/my_robot_description/environment/ament_prefix_path.dsv
[0.100s] -- Up-to-date symlink: /home/cuong/ros2_ws/install/my_robot_description/share/my_robot_description/environment/path.sh
[0.100s] -- Up-to-date symlink: /home/cuong/ros2_ws/install/my_robot_description/share/my_robot_description/environment/path.dsv
[0.101s] -- Up-to-date symlink: /home/cuong/ros2_ws/install/my_robot_description/share/my_robot_description/local_setup.bash
[0.101s] -- Up-to-date symlink: /home/cuong/ros2_ws/install/my_robot_description/share/my_robot_description/local_setup.sh
[0.101s] -- Up-to-date symlink: /home/cuong/ros2_ws/install/my_robot_description/share/my_robot_description/local_setup.zsh
[0.101s] -- Up-to-date symlink: /home/cuong/ros2_ws/install/my_robot_description/share/my_robot_description/local_setup.dsv
[0.101s] -- Symlinking: /home/cuong/ros2_ws/install/my_robot_description/share/my_robot_description/package.dsv
[0.112s] -- Up-to-date symlink: /home/cuong/ros2_ws/install/my_robot_description/share/ament_index/resource_index/packages/my_robot_description
[0.112s] -- Up-to-date symlink: /home/cuong/ros2_ws/install/my_robot_description/share/my_robot_description/cmake/my_robot_descriptionConfig.cmake
[0.112s] -- Up-to-date symlink: /home/cuong/ros2_ws/install/my_robot_description/share/my_robot_description/cmake/my_robot_descriptionConfig-version.cmake
[0.112s] -- Up-to-date symlink: /home/cuong/ros2_ws/install/my_robot_description/share/my_robot_description/package.xml
[0.115s] Invoked command in '/home/cuong/ros2_ws/build/my_robot_description' returned '0': CMAKE_PREFIX_PATH=${CMAKE_PREFIX_PATH}:/opt/ros/humble /usr/bin/cmake --install /home/cuong/ros2_ws/build/my_robot_description
