[0.008s] Invoking command in '/home/cuong/ros2_ws/build/my_robot_bringup': CMAKE_PREFIX_PATH=/home/cuong/ros2_ws/install/my_robot_description:/home/cuong/ros2_ws/install/my_robot_bringup:/opt/ros/humble /usr/bin/cmake --build /home/cuong/ros2_ws/build/my_robot_bringup -- -j16 -l16
[0.030s] -- Found ament_cmake: 1.3.10 (/opt/ros/humble/share/ament_cmake/cmake)
[0.129s] -- Override CMake install command with custom implementation using symlinks instead of copying resources
[0.138s] -- Found rclcpp: 16.0.10 (/opt/ros/humble/share/rclcpp/cmake)
[0.198s] -- Found rosidl_generator_c: 3.1.5 (/opt/ros/humble/share/rosidl_generator_c/cmake)
[0.204s] -- Found rosidl_adapter: 3.1.5 (/opt/ros/humble/share/rosidl_adapter/cmake)
[0.215s] -- Found rosidl_generator_cpp: 3.1.5 (/opt/ros/humble/share/rosidl_generator_cpp/cmake)
[0.231s] -- Using all available rosidl_typesupport_c: rosidl_typesupport_fastrtps_c;rosidl_typesupport_introspection_c
[0.249s] -- Using all available rosidl_typesupport_cpp: rosidl_typesupport_fastrtps_cpp;rosidl_typesupport_introspection_cpp
[0.301s] -- Found rmw_implementation_cmake: 6.1.2 (/opt/ros/humble/share/rmw_implementation_cmake/cmake)
[0.304s] -- Found rmw_fastrtps_cpp: 6.2.7 (/opt/ros/humble/share/rmw_fastrtps_cpp/cmake)
[0.418s] -- Found OpenSSL: /usr/lib/x86_64-linux-gnu/libcrypto.so (found version "3.0.2")  
[0.446s] -- Found FastRTPS: /opt/ros/humble/include  
[0.488s] -- Using RMW implementation 'rmw_fastrtps_cpp' as default
[0.499s] -- Looking for pthread.h
[0.604s] -- Looking for pthread.h - found
[0.604s] -- Performing Test CMAKE_HAVE_LIBC_PTHREAD
[0.684s] -- Performing Test CMAKE_HAVE_LIBC_PTHREAD - Success
[0.685s] -- Found Threads: TRUE  
[0.748s] [31mCMake Error at CMakeLists.txt:11 (find_package):
[0.749s]   By not providing "Findlaunch.cmake" in CMAKE_MODULE_PATH this project has
[0.749s]   asked CMake to find a package configuration file provided by "launch", but
[0.749s]   CMake did not find one.
[0.749s] 
[0.749s]   Could not find a package configuration file provided by "launch" with any
[0.749s]   of the following names:
[0.749s] 
[0.749s]     launchConfig.cmake
[0.749s]     launch-config.cmake
[0.749s] 
[0.749s]   Add the installation prefix of "launch" to CMAKE_PREFIX_PATH or set
[0.749s]   "launch_DIR" to a directory containing one of the above files.  If "launch"
[0.749s]   provides a separate development package or SDK, be sure it has been
[0.750s]   installed.
[0.750s] 
[0.750s] [0m
[0.750s] -- Configuring incomplete, errors occurred!
[0.750s] See also "/home/cuong/ros2_ws/build/my_robot_bringup/CMakeFiles/CMakeOutput.log".
[0.754s] gmake: *** [Makefile:226: cmake_check_build_system] Error 1
[0.757s] Invoked command in '/home/cuong/ros2_ws/build/my_robot_bringup' returned '2': CMAKE_PREFIX_PATH=/home/cuong/ros2_ws/install/my_robot_description:/home/cuong/ros2_ws/install/my_robot_bringup:/opt/ros/humble /usr/bin/cmake --build /home/cuong/ros2_ws/build/my_robot_bringup -- -j16 -l16
