[0.009s] Invoking command in '/home/cuong/ros2_ws/build/my_robot_bringup': CMAKE_PREFIX_PATH=/home/cuong/ros2_ws/install/my_robot_description:/home/cuong/ros2_ws/install/my_robot_bringup:/opt/ros/humble /usr/bin/cmake --build /home/cuong/ros2_ws/build/my_robot_bringup -- -j16 -l16
[0.032s] -- Found ament_cmake: 1.3.10 (/opt/ros/humble/share/ament_cmake/cmake)
[0.131s] -- Override CMake install command with custom implementation using symlinks instead of copying resources
[0.138s] -- Found rclcpp: 16.0.10 (/opt/ros/humble/share/rclcpp/cmake)
[0.160s] -- Found rosidl_generator_c: 3.1.5 (/opt/ros/humble/share/rosidl_generator_c/cmake)
[0.162s] -- Found rosidl_adapter: 3.1.5 (/opt/ros/humble/share/rosidl_adapter/cmake)
[0.167s] -- Found rosidl_generator_cpp: 3.1.5 (/opt/ros/humble/share/rosidl_generator_cpp/cmake)
[0.174s] -- Using all available rosidl_typesupport_c: rosidl_typesupport_fastrtps_c;rosidl_typesupport_introspection_c
[0.185s] -- Using all available rosidl_typesupport_cpp: rosidl_typesupport_fastrtps_cpp;rosidl_typesupport_introspection_cpp
[0.210s] -- Found rmw_implementation_cmake: 6.1.2 (/opt/ros/humble/share/rmw_implementation_cmake/cmake)
[0.211s] -- Found rmw_fastrtps_cpp: 6.2.7 (/opt/ros/humble/share/rmw_fastrtps_cpp/cmake)
[0.307s] -- Using RMW implementation 'rmw_fastrtps_cpp' as default
[0.355s] [31mCMake Error at CMakeLists.txt:11 (find_package):
[0.356s]   By not providing "Findlaunch.cmake" in CMAKE_MODULE_PATH this project has
[0.356s]   asked CMake to find a package configuration file provided by "launch", but
[0.356s]   CMake did not find one.
[0.356s] 
[0.356s]   Could not find a package configuration file provided by "launch" with any
[0.356s]   of the following names:
[0.356s] 
[0.356s]     launchConfig.cmake
[0.356s]     launch-config.cmake
[0.356s] 
[0.357s]   Add the installation prefix of "launch" to CMAKE_PREFIX_PATH or set
[0.357s]   "launch_DIR" to a directory containing one of the above files.  If "launch"
[0.357s]   provides a separate development package or SDK, be sure it has been
[0.357s]   installed.
[0.357s] 
[0.357s] [0m
[0.357s] -- Configuring incomplete, errors occurred!
[0.357s] See also "/home/cuong/ros2_ws/build/my_robot_bringup/CMakeFiles/CMakeOutput.log".
[0.362s] gmake: *** [Makefile:226: cmake_check_build_system] Error 1
[0.364s] Invoked command in '/home/cuong/ros2_ws/build/my_robot_bringup' returned '2': CMAKE_PREFIX_PATH=/home/cuong/ros2_ws/install/my_robot_description:/home/cuong/ros2_ws/install/my_robot_bringup:/opt/ros/humble /usr/bin/cmake --build /home/cuong/ros2_ws/build/my_robot_bringup -- -j16 -l16
